 output file name:  snb.hkl
 reading from a file:  snc001.x
 reading from a file:  snc004.x
 reading from a file:  snc007.x
 reading from a file:  snc010.x
 reading from a file:  snc014.x
 reading from a file:  snc017.x
 reading from a file:  snc020.x
 reading from a file:  snc024.x
 reading from a file:  snc028.x
 reading from a file:  snc031.x
 reading from a file:  snc034.x
 reading from a file:  snc037.x
 reading from a file:  snc040.x
 reading from a file:  snc043.x
 reading from a file:  snc046.x
 reading from a file:  snc049.x
 reading from a file:  snc052.x
 reading from a file:  snc057.x
 reading from a file:  snc060.x
 reading from a file:  snc063.x
 reading from a file:  snc066.x
 reading from a file:  snc069.x
 reading from a file:  snc072.x
 reading from a file:  snc075.x
 reading from a file:  snc078.x
 reading from a file:  snc081.x
 reading from a file:  snc084.x
 reading from a file:  snc087.x
 reading from a file:  snc090.x
 reading from a file:  snc096.x
 reading from a file:  snc099.x
 reading from a file:  snc102.x
 reading from a file:  snc105.x
 reading from a file:  snc108.x
 reading from a file:  snc111.x
 reading from a file:  snc114.x
 reading from a file:  snc117.x
 reading from a file:  snc120.x
 reading from a file:  snc123.x
 reading from a file:  snc126.x
 reading from a file:  snc129.x
 reading from a file:  snc132.x
 reading from a file:  snc135.x
 reading from a file:  snc138.x
 reading from a file:  snc141.x
 reading from a file:  snc144.x
 Space group p41     number  76 number of symmetry operators  4
 x, y, z;
 -x, -y, z+1/2;
 -y, x, z+1/4;
 y, -x, z+3/4;
 Storage required for H list  22 K list   384 unique reflection list    7562

 # of film packs   46

 total number of reflections used    36882


 Initial scale
     1   1.0000     4   1.0000     7   1.0000    10   1.0000    14   1.0000
    17   1.0000    20   1.0000    24   1.0000    28   1.0000    31   1.0000
    34   1.0000    37   1.0000    40   1.0000    43   1.0000    46   1.0000
    49   1.0000    52   1.0000    57   1.0000    60   1.0000    63   1.0000
    66   1.0000    69   1.0000    72   1.0000    75   1.0000    78   1.0000
    81   1.0000    84   1.0000    87   1.0000    90   1.0000    96   1.0000
    99   1.0000   102   1.0000   105   1.0000   108   1.0000   111   1.0000
   114   1.0000   117   1.0000   120   1.0000   123   1.0000   126   1.0000
   129   1.0000   132   1.0000   135   1.0000   138   1.0000   141   1.0000
   144   1.0000


 Initial B factor
     1     0.00     4     0.00     7     0.00    10     0.00    14     0.00
    17     0.00    20     0.00    24     0.00    28     0.00    31     0.00
    34     0.00    37     0.00    40     0.00    43     0.00    46     0.00
    49     0.00    52     0.00    57     0.00    60     0.00    63     0.00
    66     0.00    69     0.00    72     0.00    75     0.00    78     0.00
    81     0.00    84     0.00    87     0.00    90     0.00    96     0.00
    99     0.00   102     0.00   105     0.00   108     0.00   111     0.00
   114     0.00   117     0.00   120     0.00   123     0.00   126     0.00
   129     0.00   132     0.00   135     0.00   138     0.00   141     0.00
   144     0.00

 Hkl's refined:   6316 N.Chi**2:    3.758 Decrease:   2.797 *  17882 =  50017.7

 Hkl's refined:   6316 N.Chi**2:    1.130 Decrease:   0.251 *  17882 =   4491.0

 Hkl's refined:   6316 N.Chi**2:    0.861 Decrease:   0.002 *  17882 =     38.3

 Hkl's refined:   6316 N.Chi**2:    0.856 Decrease:   0.000 *  17882 =      0.1

 Hkl's refined:   6316 N.Chi**2:    0.856 Decrease:   0.057 *  17882 =   1016.9

 Hkl's refined:   6316 N.Chi**2:    0.835 Decrease:   0.010 *  17882 =    175.3

 Hkl's refined:   6316 N.Chi**2:    0.831 Decrease:   0.000 *  17882 =      1.7

 Hkl's refined:   6316 N.Chi**2:    0.831 Decrease:   0.000 *  17882 =      0.1


 New scale
     1   1.0000     4   1.0407     7   0.9844    10   0.9681    14   0.9276
    17   0.8917    20   0.8447    24   0.7976    28   0.9880    31   0.9714
    34   0.9084    37   0.8685    40   0.9819    43   0.8994    46   0.8640
    49   0.8006    52   0.7676    57   0.7612    60   0.7417    63   0.7080
    66   0.6559    69   0.6762    72   0.6635    75   0.5990    78   0.5796
    81   0.5548    84   0.5526    87   0.5559    90   0.5862    96   1.1637
    99   1.1343   102   1.0377   105   0.9522   108   0.9145   111   0.8777
   114   0.8251   117   0.7862   120   0.7545   123   0.7372   126   0.7323
   129   0.7171   132   0.7103   135   0.7183   138   0.7160   141   0.6892
   144   0.6529


 New B factor
     1     0.00     4     2.32     7     2.69    10     3.77    14     3.98
    17     4.40    20     5.34    24     5.98    28     1.29    31     2.14
    34     2.85    37     3.20    40     2.69    43     4.05    46     4.13
    49     4.66    52     4.69    57     5.01    60     5.14    63     1.91
    66     2.17    69     2.23    72     2.72    75     2.78    78     3.67
    81     3.45    84     3.75    87     4.20    90     5.88    96     0.39
    99     2.62   102     3.35   105     3.41   108     3.77   111     4.33
   114     4.62   117     5.12   120     5.31   123     5.59   126     5.94
   129     2.59   132     2.88   135     3.25   138     3.37   141     3.73
   144     3.83


 Errors of the scale factors: film #, % error
      4      2.6     7      3.0    10      2.9    14      2.9    17      2.9
     20      2.9    24      2.7    28      2.9    31      2.9    34      2.8
     37      2.8    40      2.9    43      2.9    46      2.9    49      2.8
     52      2.8    57      2.8    60      2.9    63      2.8    66      2.8
     69      2.8    72      2.8    75      2.7    78      2.8    81      2.8
     84      2.8    87      2.7    90      2.5    96      3.2    99      2.9
    102      2.8   105      2.8   108      2.7   111      2.8   114      2.8
    117      2.8   120      2.8   123      2.7   126      2.7   129      2.7
    132      2.7   135      2.7   138      2.7   141      2.5   144      2.6


 Errors of the B factors: film #, error
      4      0.4     7      0.4    10      0.4    14      0.4    17      0.4
     20      0.4    24      0.4    28      0.4    31      0.4    34      0.4
     37      0.4    40      0.4    43      0.4    46      0.4    49      0.4
     52      0.4    57      0.4    60      0.4    63      0.4    66      0.4
     69      0.4    72      0.4    75      0.4    78      0.4    81      0.4
     84      0.4    87      0.4    90      0.4    96      0.4    99      0.4
    102      0.4   105      0.4   108      0.4   111      0.4   114      0.4
    117      0.4   120      0.4   123      0.4   126      0.4   129      0.4
    132      0.4   135      0.4   138      0.4   141      0.4   144      0.4
 Film #       a       b       c   alpha    beta   gamma   crysz   crysy   crysx mosaicity
      1  48.458  48.458  63.389  90.000  90.000  90.000   1.654  -4.279-118.017   0.311
      4  48.458  48.458  63.389  90.000  90.000  90.000   1.654  -4.279-118.017   0.311
      7  48.458  48.458  63.389  90.000  90.000  90.000   1.654  -4.279-118.017   0.311
     10  48.458  48.458  63.389  90.000  90.000  90.000   1.654  -4.279-118.017   0.311
     14  48.458  48.458  63.389  90.000  90.000  90.000   1.654  -4.279-118.017   0.311
     17  48.458  48.458  63.389  90.000  90.000  90.000   1.654  -4.279-118.017   0.311
     20  48.458  48.458  63.389  90.000  90.000  90.000   1.654  -4.279-118.017   0.311
     24  48.458  48.458  63.389  90.000  90.000  90.000   1.654  -4.279-118.017   0.311
     28  48.458  48.458  63.389  90.000  90.000  90.000   1.654  -4.279-118.017   0.311
     31  48.458  48.458  63.389  90.000  90.000  90.000   1.654  -4.279-118.017   0.311
     34  48.458  48.458  63.389  90.000  90.000  90.000   1.654  -4.279-118.017   0.311
     37  48.458  48.458  63.389  90.000  90.000  90.000   1.654  -4.279-118.017   0.311
     40  48.458  48.458  63.389  90.000  90.000  90.000   1.654  -4.279-118.017   0.311
     43  48.458  48.458  63.389  90.000  90.000  90.000   1.654  -4.279-118.017   0.311
     46  48.458  48.458  63.389  90.000  90.000  90.000   1.654  -4.279-118.017   0.311
     49  48.458  48.458  63.389  90.000  90.000  90.000   1.654  -4.279-118.017   0.311
     52  48.458  48.458  63.389  90.000  90.000  90.000   1.654  -4.279-118.017   0.311
     57  48.458  48.458  63.389  90.000  90.000  90.000   1.654  -4.279-118.017   0.311
     60  48.458  48.458  63.389  90.000  90.000  90.000   1.654  -4.279-118.017   0.311
     63  48.458  48.458  63.389  90.000  90.000  90.000   1.654  -4.279-118.017   0.311
     66  48.458  48.458  63.389  90.000  90.000  90.000   1.654  -4.279-118.017   0.311
     69  48.458  48.458  63.389  90.000  90.000  90.000   1.654  -4.279-118.017   0.311
     72  48.458  48.458  63.389  90.000  90.000  90.000   1.654  -4.279-118.017   0.311
     75  48.458  48.458  63.389  90.000  90.000  90.000   1.654  -4.279-118.017   0.311
     78  48.458  48.458  63.389  90.000  90.000  90.000   1.654  -4.279-118.017   0.311
     81  48.458  48.458  63.389  90.000  90.000  90.000   1.654  -4.279-118.017   0.311
     84  48.458  48.458  63.389  90.000  90.000  90.000   1.654  -4.279-118.017   0.311
     87  48.458  48.458  63.389  90.000  90.000  90.000   1.654  -4.279-118.017   0.311
     90  48.458  48.458  63.389  90.000  90.000  90.000   1.654  -4.279-118.017   0.311
     96  48.458  48.458  63.389  90.000  90.000  90.000   1.654  -4.279-118.017   0.311
     99  48.458  48.458  63.389  90.000  90.000  90.000   1.654  -4.279-118.017   0.311
    102  48.458  48.458  63.389  90.000  90.000  90.000   1.654  -4.279-118.017   0.311
    105  48.458  48.458  63.389  90.000  90.000  90.000   1.654  -4.279-118.017   0.311
    108  48.458  48.458  63.389  90.000  90.000  90.000   1.654  -4.279-118.017   0.311
    111  48.458  48.458  63.389  90.000  90.000  90.000   1.654  -4.279-118.017   0.311
    114  48.458  48.458  63.389  90.000  90.000  90.000   1.654  -4.279-118.017   0.311
    117  48.458  48.458  63.389  90.000  90.000  90.000   1.654  -4.279-118.017   0.311
    120  48.458  48.458  63.389  90.000  90.000  90.000   1.654  -4.279-118.017   0.311
    123  48.458  48.458  63.389  90.000  90.000  90.000   1.654  -4.279-118.017   0.311
    126  48.458  48.458  63.389  90.000  90.000  90.000   1.654  -4.279-118.017   0.311
    129  48.458  48.458  63.389  90.000  90.000  90.000   1.654  -4.279-118.017   0.311
    132  48.458  48.458  63.389  90.000  90.000  90.000   1.654  -4.279-118.017   0.311
    135  48.458  48.458  63.389  90.000  90.000  90.000   1.654  -4.279-118.017   0.311
    138  48.458  48.458  63.389  90.000  90.000  90.000   1.654  -4.279-118.017   0.311
    141  48.458  48.458  63.389  90.000  90.000  90.000   1.654  -4.279-118.017   0.311
    144  48.458  48.458  63.389  90.000  90.000  90.000   1.654  -4.279-118.017   0.311

 Hkl's refined:  11064 N.Chi**2:    2.342 Decrease:   0.537 *  11064 =   5938.3
 Film #       a       b       c   alpha    beta   gamma   crysz   crysy   crysx mosaicity
      1  48.455  48.455  63.401  90.000  90.000  90.000   1.670  -4.284-117.992   0.318
      4  48.455  48.455  63.401  90.000  90.000  90.000   1.670  -4.284-117.992   0.318
      7  48.455  48.455  63.401  90.000  90.000  90.000   1.670  -4.284-117.992   0.318
     10  48.455  48.455  63.401  90.000  90.000  90.000   1.670  -4.284-117.992   0.318
     14  48.455  48.455  63.401  90.000  90.000  90.000   1.670  -4.284-117.992   0.318
     17  48.455  48.455  63.401  90.000  90.000  90.000   1.670  -4.284-117.992   0.318
     20  48.455  48.455  63.401  90.000  90.000  90.000   1.670  -4.284-117.992   0.318
     24  48.455  48.455  63.401  90.000  90.000  90.000   1.670  -4.284-117.992   0.318
     28  48.455  48.455  63.401  90.000  90.000  90.000   1.670  -4.284-117.992   0.318
     31  48.455  48.455  63.401  90.000  90.000  90.000   1.670  -4.284-117.992   0.318
     34  48.455  48.455  63.401  90.000  90.000  90.000   1.670  -4.284-117.992   0.318
     37  48.455  48.455  63.401  90.000  90.000  90.000   1.670  -4.284-117.992   0.318
     40  48.455  48.455  63.401  90.000  90.000  90.000   1.670  -4.284-117.992   0.318
     43  48.455  48.455  63.401  90.000  90.000  90.000   1.670  -4.284-117.992   0.318
     46  48.455  48.455  63.401  90.000  90.000  90.000   1.670  -4.284-117.992   0.318
     49  48.455  48.455  63.401  90.000  90.000  90.000   1.670  -4.284-117.992   0.318
     52  48.455  48.455  63.401  90.000  90.000  90.000   1.670  -4.284-117.992   0.318
     57  48.455  48.455  63.401  90.000  90.000  90.000   1.670  -4.284-117.992   0.318
     60  48.455  48.455  63.401  90.000  90.000  90.000   1.670  -4.284-117.992   0.318
     63  48.455  48.455  63.401  90.000  90.000  90.000   1.670  -4.284-117.992   0.318
     66  48.455  48.455  63.401  90.000  90.000  90.000   1.670  -4.284-117.992   0.318
     69  48.455  48.455  63.401  90.000  90.000  90.000   1.670  -4.284-117.992   0.318
     72  48.455  48.455  63.401  90.000  90.000  90.000   1.670  -4.284-117.992   0.318
     75  48.455  48.455  63.401  90.000  90.000  90.000   1.670  -4.284-117.992   0.318
     78  48.455  48.455  63.401  90.000  90.000  90.000   1.670  -4.284-117.992   0.318
     81  48.455  48.455  63.401  90.000  90.000  90.000   1.670  -4.284-117.992   0.318
     84  48.455  48.455  63.401  90.000  90.000  90.000   1.670  -4.284-117.992   0.318
     87  48.455  48.455  63.401  90.000  90.000  90.000   1.670  -4.284-117.992   0.318
     90  48.455  48.455  63.401  90.000  90.000  90.000   1.670  -4.284-117.992   0.318
     96  48.455  48.455  63.401  90.000  90.000  90.000   1.670  -4.284-117.992   0.318
     99  48.455  48.455  63.401  90.000  90.000  90.000   1.670  -4.284-117.992   0.318
    102  48.455  48.455  63.401  90.000  90.000  90.000   1.670  -4.284-117.992   0.318
    105  48.455  48.455  63.401  90.000  90.000  90.000   1.670  -4.284-117.992   0.318
    108  48.455  48.455  63.401  90.000  90.000  90.000   1.670  -4.284-117.992   0.318
    111  48.455  48.455  63.401  90.000  90.000  90.000   1.670  -4.284-117.992   0.318
    114  48.455  48.455  63.401  90.000  90.000  90.000   1.670  -4.284-117.992   0.318
    117  48.455  48.455  63.401  90.000  90.000  90.000   1.670  -4.284-117.992   0.318
    120  48.455  48.455  63.401  90.000  90.000  90.000   1.670  -4.284-117.992   0.318
    123  48.455  48.455  63.401  90.000  90.000  90.000   1.670  -4.284-117.992   0.318
    126  48.455  48.455  63.401  90.000  90.000  90.000   1.670  -4.284-117.992   0.318
    129  48.455  48.455  63.401  90.000  90.000  90.000   1.670  -4.284-117.992   0.318
    132  48.455  48.455  63.401  90.000  90.000  90.000   1.670  -4.284-117.992   0.318
    135  48.455  48.455  63.401  90.000  90.000  90.000   1.670  -4.284-117.992   0.318
    138  48.455  48.455  63.401  90.000  90.000  90.000   1.670  -4.284-117.992   0.318
    141  48.455  48.455  63.401  90.000  90.000  90.000   1.670  -4.284-117.992   0.318
    144  48.455  48.455  63.401  90.000  90.000  90.000   1.670  -4.284-117.992   0.318

 Hkl's refined:  11331 N.Chi**2:    1.756 Decrease:   0.013 *  11331 =    150.2
 Film #       a       b       c   alpha    beta   gamma   crysz   crysy   crysx mosaicity
      1  48.453  48.453  63.395  90.000  90.000  90.000   1.669  -4.282-117.990   0.301
      4  48.453  48.453  63.395  90.000  90.000  90.000   1.669  -4.282-117.990   0.301
      7  48.453  48.453  63.395  90.000  90.000  90.000   1.669  -4.282-117.990   0.301
     10  48.453  48.453  63.395  90.000  90.000  90.000   1.669  -4.282-117.990   0.301
     14  48.453  48.453  63.395  90.000  90.000  90.000   1.669  -4.282-117.990   0.301
     17  48.453  48.453  63.395  90.000  90.000  90.000   1.669  -4.282-117.990   0.301
     20  48.453  48.453  63.395  90.000  90.000  90.000   1.669  -4.282-117.990   0.301
     24  48.453  48.453  63.395  90.000  90.000  90.000   1.669  -4.282-117.990   0.301
     28  48.453  48.453  63.395  90.000  90.000  90.000   1.669  -4.282-117.990   0.301
     31  48.453  48.453  63.395  90.000  90.000  90.000   1.669  -4.282-117.990   0.301
     34  48.453  48.453  63.395  90.000  90.000  90.000   1.669  -4.282-117.990   0.301
     37  48.453  48.453  63.395  90.000  90.000  90.000   1.669  -4.282-117.990   0.301
     40  48.453  48.453  63.395  90.000  90.000  90.000   1.669  -4.282-117.990   0.301
     43  48.453  48.453  63.395  90.000  90.000  90.000   1.669  -4.282-117.990   0.301
     46  48.453  48.453  63.395  90.000  90.000  90.000   1.669  -4.282-117.990   0.301
     49  48.453  48.453  63.395  90.000  90.000  90.000   1.669  -4.282-117.990   0.301
     52  48.453  48.453  63.395  90.000  90.000  90.000   1.669  -4.282-117.990   0.301
     57  48.453  48.453  63.395  90.000  90.000  90.000   1.669  -4.282-117.990   0.301
     60  48.453  48.453  63.395  90.000  90.000  90.000   1.669  -4.282-117.990   0.301
     63  48.453  48.453  63.395  90.000  90.000  90.000   1.669  -4.282-117.990   0.301
     66  48.453  48.453  63.395  90.000  90.000  90.000   1.669  -4.282-117.990   0.301
     69  48.453  48.453  63.395  90.000  90.000  90.000   1.669  -4.282-117.990   0.301
     72  48.453  48.453  63.395  90.000  90.000  90.000   1.669  -4.282-117.990   0.301
     75  48.453  48.453  63.395  90.000  90.000  90.000   1.669  -4.282-117.990   0.301
     78  48.453  48.453  63.395  90.000  90.000  90.000   1.669  -4.282-117.990   0.301
     81  48.453  48.453  63.395  90.000  90.000  90.000   1.669  -4.282-117.990   0.301
     84  48.453  48.453  63.395  90.000  90.000  90.000   1.669  -4.282-117.990   0.301
     87  48.453  48.453  63.395  90.000  90.000  90.000   1.669  -4.282-117.990   0.301
     90  48.453  48.453  63.395  90.000  90.000  90.000   1.669  -4.282-117.990   0.301
     96  48.453  48.453  63.395  90.000  90.000  90.000   1.669  -4.282-117.990   0.301
     99  48.453  48.453  63.395  90.000  90.000  90.000   1.669  -4.282-117.990   0.301
    102  48.453  48.453  63.395  90.000  90.000  90.000   1.669  -4.282-117.990   0.301
    105  48.453  48.453  63.395  90.000  90.000  90.000   1.669  -4.282-117.990   0.301
    108  48.453  48.453  63.395  90.000  90.000  90.000   1.669  -4.282-117.990   0.301
    111  48.453  48.453  63.395  90.000  90.000  90.000   1.669  -4.282-117.990   0.301
    114  48.453  48.453  63.395  90.000  90.000  90.000   1.669  -4.282-117.990   0.301
    117  48.453  48.453  63.395  90.000  90.000  90.000   1.669  -4.282-117.990   0.301
    120  48.453  48.453  63.395  90.000  90.000  90.000   1.669  -4.282-117.990   0.301
    123  48.453  48.453  63.395  90.000  90.000  90.000   1.669  -4.282-117.990   0.301
    126  48.453  48.453  63.395  90.000  90.000  90.000   1.669  -4.282-117.990   0.301
    129  48.453  48.453  63.395  90.000  90.000  90.000   1.669  -4.282-117.990   0.301
    132  48.453  48.453  63.395  90.000  90.000  90.000   1.669  -4.282-117.990   0.301
    135  48.453  48.453  63.395  90.000  90.000  90.000   1.669  -4.282-117.990   0.301
    138  48.453  48.453  63.395  90.000  90.000  90.000   1.669  -4.282-117.990   0.301
    141  48.453  48.453  63.395  90.000  90.000  90.000   1.669  -4.282-117.990   0.301
    144  48.453  48.453  63.395  90.000  90.000  90.000   1.669  -4.282-117.990   0.301

 Hkl's refined:  10960 N.Chi**2:    1.766 Decrease:   0.002 *  10960 =     20.5
 Film #       a       b       c   alpha    beta   gamma   crysz   crysy   crysx mosaicity
      1  48.452  48.452  63.396  90.000  90.000  90.000   1.670  -4.282-117.990   0.295
      4  48.452  48.452  63.396  90.000  90.000  90.000   1.670  -4.282-117.990   0.295
      7  48.452  48.452  63.396  90.000  90.000  90.000   1.670  -4.282-117.990   0.295
     10  48.452  48.452  63.396  90.000  90.000  90.000   1.670  -4.282-117.990   0.295
     14  48.452  48.452  63.396  90.000  90.000  90.000   1.670  -4.282-117.990   0.295
     17  48.452  48.452  63.396  90.000  90.000  90.000   1.670  -4.282-117.990   0.295
     20  48.452  48.452  63.396  90.000  90.000  90.000   1.670  -4.282-117.990   0.295
     24  48.452  48.452  63.396  90.000  90.000  90.000   1.670  -4.282-117.990   0.295
     28  48.452  48.452  63.396  90.000  90.000  90.000   1.670  -4.282-117.990   0.295
     31  48.452  48.452  63.396  90.000  90.000  90.000   1.670  -4.282-117.990   0.295
     34  48.452  48.452  63.396  90.000  90.000  90.000   1.670  -4.282-117.990   0.295
     37  48.452  48.452  63.396  90.000  90.000  90.000   1.670  -4.282-117.990   0.295
     40  48.452  48.452  63.396  90.000  90.000  90.000   1.670  -4.282-117.990   0.295
     43  48.452  48.452  63.396  90.000  90.000  90.000   1.670  -4.282-117.990   0.295
     46  48.452  48.452  63.396  90.000  90.000  90.000   1.670  -4.282-117.990   0.295
     49  48.452  48.452  63.396  90.000  90.000  90.000   1.670  -4.282-117.990   0.295
     52  48.452  48.452  63.396  90.000  90.000  90.000   1.670  -4.282-117.990   0.295
     57  48.452  48.452  63.396  90.000  90.000  90.000   1.670  -4.282-117.990   0.295
     60  48.452  48.452  63.396  90.000  90.000  90.000   1.670  -4.282-117.990   0.295
     63  48.452  48.452  63.396  90.000  90.000  90.000   1.670  -4.282-117.990   0.295
     66  48.452  48.452  63.396  90.000  90.000  90.000   1.670  -4.282-117.990   0.295
     69  48.452  48.452  63.396  90.000  90.000  90.000   1.670  -4.282-117.990   0.295
     72  48.452  48.452  63.396  90.000  90.000  90.000   1.670  -4.282-117.990   0.295
     75  48.452  48.452  63.396  90.000  90.000  90.000   1.670  -4.282-117.990   0.295
     78  48.452  48.452  63.396  90.000  90.000  90.000   1.670  -4.282-117.990   0.295
     81  48.452  48.452  63.396  90.000  90.000  90.000   1.670  -4.282-117.990   0.295
     84  48.452  48.452  63.396  90.000  90.000  90.000   1.670  -4.282-117.990   0.295
     87  48.452  48.452  63.396  90.000  90.000  90.000   1.670  -4.282-117.990   0.295
     90  48.452  48.452  63.396  90.000  90.000  90.000   1.670  -4.282-117.990   0.295
     96  48.452  48.452  63.396  90.000  90.000  90.000   1.670  -4.282-117.990   0.295
     99  48.452  48.452  63.396  90.000  90.000  90.000   1.670  -4.282-117.990   0.295
    102  48.452  48.452  63.396  90.000  90.000  90.000   1.670  -4.282-117.990   0.295
    105  48.452  48.452  63.396  90.000  90.000  90.000   1.670  -4.282-117.990   0.295
    108  48.452  48.452  63.396  90.000  90.000  90.000   1.670  -4.282-117.990   0.295
    111  48.452  48.452  63.396  90.000  90.000  90.000   1.670  -4.282-117.990   0.295
    114  48.452  48.452  63.396  90.000  90.000  90.000   1.670  -4.282-117.990   0.295
    117  48.452  48.452  63.396  90.000  90.000  90.000   1.670  -4.282-117.990   0.295
    120  48.452  48.452  63.396  90.000  90.000  90.000   1.670  -4.282-117.990   0.295
    123  48.452  48.452  63.396  90.000  90.000  90.000   1.670  -4.282-117.990   0.295
    126  48.452  48.452  63.396  90.000  90.000  90.000   1.670  -4.282-117.990   0.295
    129  48.452  48.452  63.396  90.000  90.000  90.000   1.670  -4.282-117.990   0.295
    132  48.452  48.452  63.396  90.000  90.000  90.000   1.670  -4.282-117.990   0.295
    135  48.452  48.452  63.396  90.000  90.000  90.000   1.670  -4.282-117.990   0.295
    138  48.452  48.452  63.396  90.000  90.000  90.000   1.670  -4.282-117.990   0.295
    141  48.452  48.452  63.396  90.000  90.000  90.000   1.670  -4.282-117.990   0.295
    144  48.452  48.452  63.396  90.000  90.000  90.000   1.670  -4.282-117.990   0.295

 Hkl's refined:  10774 N.Chi**2:    1.777 Decrease:   0.000 *  10774 =      3.2
 Film #       a       b       c   alpha    beta   gamma   crysz   crysy   crysx mosaicity
      1  48.452  48.452  63.396  90.000  90.000  90.000   1.670  -4.282-117.990   0.292
      4  48.452  48.452  63.396  90.000  90.000  90.000   1.670  -4.282-117.990   0.292
      7  48.452  48.452  63.396  90.000  90.000  90.000   1.670  -4.282-117.990   0.292
     10  48.452  48.452  63.396  90.000  90.000  90.000   1.670  -4.282-117.990   0.292
     14  48.452  48.452  63.396  90.000  90.000  90.000   1.670  -4.282-117.990   0.292
     17  48.452  48.452  63.396  90.000  90.000  90.000   1.670  -4.282-117.990   0.292
     20  48.452  48.452  63.396  90.000  90.000  90.000   1.670  -4.282-117.990   0.292
     24  48.452  48.452  63.396  90.000  90.000  90.000   1.670  -4.282-117.990   0.292
     28  48.452  48.452  63.396  90.000  90.000  90.000   1.670  -4.282-117.990   0.292
     31  48.452  48.452  63.396  90.000  90.000  90.000   1.670  -4.282-117.990   0.292
     34  48.452  48.452  63.396  90.000  90.000  90.000   1.670  -4.282-117.990   0.292
     37  48.452  48.452  63.396  90.000  90.000  90.000   1.670  -4.282-117.990   0.292
     40  48.452  48.452  63.396  90.000  90.000  90.000   1.670  -4.282-117.990   0.292
     43  48.452  48.452  63.396  90.000  90.000  90.000   1.670  -4.282-117.990   0.292
     46  48.452  48.452  63.396  90.000  90.000  90.000   1.670  -4.282-117.990   0.292
     49  48.452  48.452  63.396  90.000  90.000  90.000   1.670  -4.282-117.990   0.292
     52  48.452  48.452  63.396  90.000  90.000  90.000   1.670  -4.282-117.990   0.292
     57  48.452  48.452  63.396  90.000  90.000  90.000   1.670  -4.282-117.990   0.292
     60  48.452  48.452  63.396  90.000  90.000  90.000   1.670  -4.282-117.990   0.292
     63  48.452  48.452  63.396  90.000  90.000  90.000   1.670  -4.282-117.990   0.292
     66  48.452  48.452  63.396  90.000  90.000  90.000   1.670  -4.282-117.990   0.292
     69  48.452  48.452  63.396  90.000  90.000  90.000   1.670  -4.282-117.990   0.292
     72  48.452  48.452  63.396  90.000  90.000  90.000   1.670  -4.282-117.990   0.292
     75  48.452  48.452  63.396  90.000  90.000  90.000   1.670  -4.282-117.990   0.292
     78  48.452  48.452  63.396  90.000  90.000  90.000   1.670  -4.282-117.990   0.292
     81  48.452  48.452  63.396  90.000  90.000  90.000   1.670  -4.282-117.990   0.292
     84  48.452  48.452  63.396  90.000  90.000  90.000   1.670  -4.282-117.990   0.292
     87  48.452  48.452  63.396  90.000  90.000  90.000   1.670  -4.282-117.990   0.292
     90  48.452  48.452  63.396  90.000  90.000  90.000   1.670  -4.282-117.990   0.292
     96  48.452  48.452  63.396  90.000  90.000  90.000   1.670  -4.282-117.990   0.292
     99  48.452  48.452  63.396  90.000  90.000  90.000   1.670  -4.282-117.990   0.292
    102  48.452  48.452  63.396  90.000  90.000  90.000   1.670  -4.282-117.990   0.292
    105  48.452  48.452  63.396  90.000  90.000  90.000   1.670  -4.282-117.990   0.292
    108  48.452  48.452  63.396  90.000  90.000  90.000   1.670  -4.282-117.990   0.292
    111  48.452  48.452  63.396  90.000  90.000  90.000   1.670  -4.282-117.990   0.292
    114  48.452  48.452  63.396  90.000  90.000  90.000   1.670  -4.282-117.990   0.292
    117  48.452  48.452  63.396  90.000  90.000  90.000   1.670  -4.282-117.990   0.292
    120  48.452  48.452  63.396  90.000  90.000  90.000   1.670  -4.282-117.990   0.292
    123  48.452  48.452  63.396  90.000  90.000  90.000   1.670  -4.282-117.990   0.292
    126  48.452  48.452  63.396  90.000  90.000  90.000   1.670  -4.282-117.990   0.292
    129  48.452  48.452  63.396  90.000  90.000  90.000   1.670  -4.282-117.990   0.292
    132  48.452  48.452  63.396  90.000  90.000  90.000   1.670  -4.282-117.990   0.292
    135  48.452  48.452  63.396  90.000  90.000  90.000   1.670  -4.282-117.990   0.292
    138  48.452  48.452  63.396  90.000  90.000  90.000   1.670  -4.282-117.990   0.292
    141  48.452  48.452  63.396  90.000  90.000  90.000   1.670  -4.282-117.990   0.292
    144  48.452  48.452  63.396  90.000  90.000  90.000   1.670  -4.282-117.990   0.292

 Hkl's refined:  10701 N.Chi**2:    1.781 Decrease:   0.000 *  10701 =      0.5




 1 - count of observations deleted manually
 2 - count of observations deleted due to zero sigma or profile test
 3 - count of non-complete profiles (e.g. overloaded) observations
 4 - count of observations deleted due to sigma cutoff
 5 - count of observations deleted below low resolution limit,
 6 - count of observations deleted above high resolution limit,
 7 - count of partial observations
 8 - count of fully recorded observations used in scaling

                                          1    2    3    4    5    6    7    8
 IP fitted, no o     1  1.0000    0.00    0    0  117    6    1    0  325  466
 IP fitted, no o     4  1.0407    2.32    0    0  128    3    1    0  323  476
 IP fitted, no o     7  0.9844    2.69    0    0  130    1    0    0  315  512
 IP fitted, no o    10  0.9681    3.77    0    0  122    4    0    0  307  490
 IP fitted, no o    14  0.9276    3.98    0    0  112    4    0    0  314  475
 IP fitted, no o    17  0.8917    4.40    0    0  110    3    1    0  334  522
 IP fitted, no o    20  0.8447    5.34    0    0  111    2    1    0  332  437
 IP fitted, no o    24  0.7976    5.98    0    0   83    3    1    0  311  502
 IP fitted, no o    28  0.9880    1.29    0    0  138    6    0    0  295  497
 IP fitted, no o    31  0.9714    2.14    0    0  103    3    0    0  295  482
 IP fitted, no o    34  0.9084    2.85    0    0  121    2    0    0  299  498
 IP fitted, no o    37  0.8685    3.20    0    1  114    4    0    0  300  505
 IP fitted, no o    40  0.9819    2.69    0    0  122    5    0    0  303  496
 IP fitted, no o    43  0.8994    4.05    0    0  114    0    1    0  294  503
 IP fitted, no o    46  0.8640    4.13    0    0  116    4    1    0  290  507
 IP fitted, no o    49  0.8006    4.66    0    0  102    5    0    0  294  502
 IP fitted, no o    52  0.7676    4.69    0    1  100    2    0    0  300  509
 IP fitted, no o    57  0.7612    5.01    0    0   81    2    0    0  299  497
 IP fitted, no o    60  0.7417    5.14    1    0   78    3    0    0  303  467
 IP fitted, no o    63  0.7080    1.91    0    0   93    3    0    0  283  517
 IP fitted, no o    66  0.6559    2.17    0    0   95    3    0    0  305  511
 IP fitted, no o    69  0.6762    2.23    0    0   83    0    0    0  323  445
 IP fitted, no o    72  0.6635    2.72    1    0   85    1    0    0  299  517
 IP fitted, no o    75  0.5990    2.78    0    0   84    3    0    0  304  512
 IP fitted, no o    78  0.5796    3.67    0    0   67    3    0    0  317  448
 IP fitted, no o    81  0.5548    3.45    0    0   65    3    0    0  310  511
 IP fitted, no o    84  0.5526    3.75    0    1   78    4    0    0  336  480
 IP fitted, no o    87  0.5559    4.20    0    0   77    2    0    0  341  466
 IP fitted, no o    90  0.5862    5.88    1    0   73    7    0    0  316  495
 IP fitted, no o    96  1.1637    0.39    0    0  145    4    0    0  327  489
 IP fitted, no o    99  1.1343    2.62    0    0  133    2    0    0  311  478
 IP fitted, no o   102  1.0377    3.35    0    0  141    2    0    0  314  502
 IP fitted, no o   105  0.9522    3.41    1    0  110    2    0    0  321  479
 IP fitted, no o   108  0.9145    3.77    0    2   97    4    0    0  313  476
 IP fitted, no o   111  0.8777    4.33    1    1  119    5    0    0  303  500
 IP fitted, no o   114  0.8251    4.62    0    0  113    1    0    0  300  503
 IP fitted, no o   117  0.7862    5.12    0    0  100    8    0    0  303  492
 IP fitted, no o   120  0.7545    5.31    0    0  105    7    0    0  308  494
 IP fitted, no o   123  0.7372    5.59    0    1  108    3    0    0  309  500
 IP fitted, no o   126  0.7323    5.94    0    0   84    5    0    0  319  475
 IP fitted, no o   129  0.7171    2.59    0    0  103    7    0    0  312  498
 IP fitted, no o   132  0.7103    2.88    0    0   88    6    0    0  330  476
 IP fitted, no o   135  0.7183    3.25    0    0  102    1    0    0  330  483
 IP fitted, no o   138  0.7160    3.37    0    0   91    2    0    0  318  482
 IP fitted, no o   141  0.6892    3.73    0    0   92    4    0    0  311  511
 IP fitted, no o   144  0.6529    3.83    0    0   95    3    0    0  330  473

    Shell            Summary of observation redundancies by shells:
  Lower Upper      No. of reflections with given No. of observations
  limit limit     0     1     2     3     4   5-6   7-8  9-12 13-19   >19  total
  40.00  4.74   414    72    59    35   190    17     0     0     0     0    373
   4.74  3.76   321    53    76    65   224    17     0     0     0     0    435
   3.76  3.29   137    39    70    95   379    41     0     0     0     0    624
   3.29  2.99    37    33    46    77   504    57     0     0     0     0    717
   2.99  2.77    13     9    43    64   555    67     0     0     0     0    738
   2.77  2.61    11    10    32    78   553    70     0     0     0     0    743
   2.61  2.48     8    11    33    75   557    76     0     0     0     0    752
   2.48  2.37     7     8    34    72   550    71     0     0     0     0    735
   2.37  2.28     6    10    36    90   529    67     0     0     0     0    732
   2.28  2.20    32     7    35    84   533    65     0     0     0     0    724
 All hkl        986   252   464   735  4574   548     0     0     0     0   6573


               Summary of reflections intensities and R-factors by shells

  DEFINITION AS IN HAMLIN/UCSD SOFTWARE
 i.e. negative intensities treated as zero and valid

     R linear = SUM ( ABS(I - <I>)) / SUM (I)
     R square = SUM ( (I - <I>) ** 2) / SUM (I ** 2)
     Chi**2   = SUM ( (I - <I>) ** 2 / (Error ** 2 * N / (N-1) )  )
     In all sums single measurements are excluded

 Shell Lower Upper Average      Average    Norm.  Linear Square
 limit    Angstrom       I   error   stat. Chi**2  R-fac  R-fac
      40.00   4.74 11601.4  1206.7   951.0  0.419  0.043  0.053
       4.74   3.76 18703.4  1527.1  1059.0  0.466  0.041  0.048
       3.76   3.29 16623.0  1206.9   797.2  0.466  0.043  0.053
       3.29   2.99 12298.4   840.8   550.2  0.480  0.046  0.057
       2.99   2.77  7478.3   466.9   311.7  0.652  0.055  0.065
       2.77   2.61  6414.7   407.2   271.5  0.699  0.060  0.074
       2.61   2.48  5015.9   327.6   223.4  0.857  0.074  0.095
       2.48   2.37  3826.4   246.1   169.2  1.037  0.086  0.107
       2.37   2.28  3215.9   227.2   165.6  1.118  0.103  0.140
       2.28   2.20  2855.5   207.1   154.6  1.356  0.119  0.166
  All reflections   8060.2   587.7   405.6  0.808  0.059  0.068
Reflections printed out due to failing chi**2 test during scaling
     H    K    L Total chi**2,       <I>     resol
     original hkl    film#,  dev./sigma     I, %PROB,     sigma
     4   -1   23        16.1      8044.6      2.68
       -4   1  23 a+    81      -3.8     4552.3   62     1047.1
       -4   1 -23 a-     1       0.9     9807.2    0     1178.5
        1   4 -23 a-   108       1.0     9485.5    0      867.2

     4   -1   24        31.2      4070.0      2.58
       -4   1  24 a+     1      -2.0     3468.0    1      682.0
       -4   1  24 a+    60      -4.7     2115.9   98      442.7
       -4   1 -24 a-     7       0.9     5119.6    0      472.2
        1   4 -24 f-   114       0.8     4986.0    0      373.7

     4    2   27        21.8       147.7      2.30
       -4  -2  27 a+    20      -4.2       81.8   85       21.6
       -2   4 -27 a-    72       1.6      266.5    0       42.0
       -4  -2 -27 a-    75       0.1      209.7    0       29.1

     5   -4   27        20.5      1335.0      2.24
       -5   4  27 a+    40      -2.8      798.2    5      192.0
       -5   4  27 a+   135       1.4     1475.8    0      201.6
       -4  -5  27 f+    31      -0.2     1219.7    0      181.5
       -4  -5 -27 a-    49       3.8     2141.2   60      235.0
       -5   4 -27 a-    28       0.0     1845.5        394.0  part
        4   5 -27 a-   144       0.0     1361.9        182.9  part

     5   -3   27        47.3      7615.8      2.26
       -5   3  27 a+   105      -5.2     4929.2  100      735.9
       -3  -5  27 a+    14      -1.7    10655.3    0     1890.1
       -5   3 -27 a-    20       1.3    16528.9    0     2418.4
        3   5 -27 a-   135       0.7    15596.3    0     2869.3
       -3  -5 -27 a-    20       0.1    13835.2    0     1961.4
       -5   3  27 p+    37       0.0      667.8         67.1  over

     5   -1    2        20.6       680.2      9.12
        1   5   2 f+    69      -0.2      712.1    0       74.3
       -1  -5   2 f+    57      -0.9      678.2    0       61.6
        1   5  -2 f-    66      -4.2      194.6   88      118.6
       -1  -5  -2 f-    60       1.4      804.4    0       65.2

     5    0   28        50.2      1951.4      2.21
       -5   0  28 a+    31      -5.4     1203.8  100      181.4
       -5   0 -28 a-     4      -0.2     3227.2    0      716.1
        0   5 -28 a-   105       0.6     3609.3    0      391.3
       -5   0 -28 a-   129      -0.5     3243.1    0      370.8

     6   -3   27        51.0      8494.2      2.23
       -6   3  27 a+     7      -1.8     5326.1    1      923.8
       -6   3  27 a+   126      -0.6     6164.7    0      876.9
       -3  -6  27 a+    17       1.2     8721.5    0     2037.6
       -6   3 -27 a-     7       6.0    13535.5  100     1149.1
        3   6 -27 a-   126       3.4    14171.2   25     2326.8
       -3  -6 -27 a-    24       4.1    12319.8   80     1449.9

     6   -1   24        13.5       858.1      2.51
       -6   1  24 a+   117       0.0      770.0    0      175.1
       -1  -6  24 f+     4      -2.2      673.3    1       86.5
        1   6 -24 a-    96       3.8     1173.8   58      107.1
        1   6  24 a+   144       0.0      242.8         53.6  part
       -1  -6 -24 a-     1       0.0      864.7         63.0  part

     6    0   26        14.9      1999.4      2.33
       -6   0  26 a+    87      -3.9     1604.5   63      213.5
        0   6 -26 a-    87       3.9     3320.4   63      390.4

Reflections printed out due to failing chi**2 test during scaling
     H    K    L Total chi**2,       <I>     resol
     original hkl    film#,  dev./sigma     I, %PROB,     sigma
     6    4   27        25.4      2471.7      2.22
       -4   6  27 a+    69      -4.3     1460.6   91      276.3
       -6  -4  27 f+    60      -1.3     2574.9    0      442.5
       -4   6 -27 f-    43       0.9     3354.9    0      357.3
       -6  -4 -27 a-    90       1.1     3481.7    0      417.2

     7   -3   27        26.6      5455.3      2.20
       -7   3  27 f+   138      -4.3     3632.2   93      563.0
       -3  -7  27 f+    20      -0.6     7201.3    0     1012.3
        3   7 -27 a-   117       0.8     9189.8    0     1829.8
       -3  -7 -27 a-    28       0.9     8505.1    0     1019.9
       -7   3 -27 a-     1       0.0      524.7        147.5  part

     9   -5   17        20.5        32.3      2.93
        5   9  17 f+   123       4.0      293.1   77       68.9
       -5  -9  17 f+    63      -0.3       -9.3    0       63.8
        5   9 -17 f-   108       2.0      180.0    1       90.8
       -5  -9 -17 f-    75      -1.7      -17.3    0       28.1

     9   -3   26        23.9      9127.4      2.20
        3   9  26 f+   138      -2.4     5510.9    2     1153.4
       -3  -9  26 a+    24      -0.1     7243.1    0     1425.2
        3   9 -26 a-   105       4.4    12675.6   93     1102.9
       -3  -9 -26 a-    31       2.6    11779.9    3     1906.9

     9    5   17        19.6       105.0      2.93
       -5   9  17 a+    20       4.3      466.1   90       92.1
       -9  -5  17 f+   111      -0.2       40.4    0       60.5
       -5   9 -17 f-    20       0.5       69.6    0       53.3
       -9  -5 -17 a-   126      -1.3     -111.5    0      132.0

    10   -5   24        16.2       155.1      2.26
       -5 -10  24 f+    46      -4.0       87.8   77       37.8
        5  10 -24 a-   111       4.0      431.5   77       76.6
        5  10  24 a+   135       0.0      216.1         44.2  part
       -5 -10 -24 a-    57       0.0      152.8         86.7  inp

    10    3   24        18.0       201.3      2.30
       -3  10  24 a+    63      -1.3       -8.0    0       83.5
      -10  -3  24 f+   111       0.4      109.4    0       80.0
       -3  10 -24 f-    49       4.2      324.3   88       45.5
      -10  -3 -24 a-   135      -0.8       -0.7    0      115.5

    10   10   18        17.1       754.3      2.46
      -10 -10  18 f+    87       0.2      613.9    0      107.5
       10  10 -18 f-   132      -0.5      573.6    0       92.2
      -10 -10 -18 a-    99       4.4     1100.8   95      101.8

    11    1   24        13.9      1605.0      2.26
       -1  11  24 a+    81      -0.1     1408.8    0      420.3
      -11  -1  24 f+   129      -1.9     1040.6    1      258.7
        1 -11  24 f+     1      -1.5     1101.0    0      275.5
       -1  11 -24 f-    66       3.8     1949.9   59      146.0

    11    8   22        19.4        88.3      2.24
       -8  11  22 f+    17       1.4      180.8    0       53.1
      -11  -8  22 f+    96      -3.7       23.8   51       28.4
       -8  11 -22 f-    17       3.1      316.3   11       68.4
      -11  -8 -22 f-   111      -0.4       70.3    0      117.0

    12   -3   22        17.3       247.8      2.32
        3  12  22 f+   108       0.6      232.8    0       92.8
       -3 -12  22 f+    34      -0.9      150.3    0       53.5
        3  12 -22 f-    90       4.2      503.6   86       71.6
       -3 -12 -22 f-    40      -0.3      163.1    0       77.6
Reflections printed out due to failing chi**2 test during scaling
     H    K    L Total chi**2,       <I>     resol
     original hkl    film#,  dev./sigma     I, %PROB,     sigma
    12    2   17        18.4       713.1      2.72
       -2  12  17 f+    57       2.0      909.1    1       87.2
      -12  -2  17 f+   141      -3.8      402.1   56       93.1
        2 -12  17 f+     7       0.7      827.9    0       96.5
       -2  12 -17 f-    49       0.2      806.7    0      178.5
        2 -12 -17 a-     4      -1.2      605.6    0      144.2

    13   10    6        34.4       282.3      2.85
       13  10   6 f+   144       0.0      496.0    0       94.4
      -13 -10   6 f+   111      -5.0     -158.4  100      102.9
       13  10  -6 f-   141      -2.2      155.4    1      172.4
      -13 -10  -6 a-   114       2.0      755.6    1      147.0
      -10  13  -6 a-     1       0.0      -29.0         74.6  part

    14   -9   15        15.1       845.0      2.40
        9  14  15 f+   123       0.1      793.7    0      153.4
       -9 -14  15 f+    72      -1.3      676.0    0      101.8
        9  14 -15 f-   114       3.9     1281.1   67      127.7
       -9 -14 -15 f-    78      -0.1      772.8    0       93.4

    14    6    8        18.3       715.1      2.96
       -6  14   8 f+    24      -3.9      485.7   63       86.5
      -14  -6   8 f+   132       2.1     1233.2    1      189.6
       -6  14  -8 a-    20       0.3      904.0    0      173.6
      -14  -6  -8 f-   138       0.8      981.2    0      163.3

    14    9   16        17.7       223.8      2.35
       -9  14  16 f+    14       2.9      455.0    6       71.4
      -14  -9  16 f+   111      -3.8      138.5   56       36.8
       -9  14 -16 f-    14       0.7      366.2    0      128.6
      -14  -9 -16 f-   120       0.2      294.5    0       88.4

    15   -6    7        16.6        64.3      2.85
        6  15   7 f+    99       1.9      232.4    1       77.4
       -6 -15   7 f+    63      -3.7      -65.0   51       53.1
        6  15  -7 f-    96       2.2      414.7    1      143.9
       -6 -15  -7 f-    66      -0.2       84.3    0      162.3

    16  -13    3        23.3       530.9      2.34
       13  16   3 f+   126      -4.3      398.5   90       66.4
      -13 -16   3 f+    87       0.7     1126.4    0      199.3
       13  16  -3 a-   123       0.2     1075.8    0      306.7
      -13 -16  -3 f-    90       1.1     1320.0    0      292.8

    17   -9   12        14.7       213.7      2.28
        9  17  12 f+   114      -1.1       68.9    0       97.1
       -9 -17  12 f+    66      -1.0       68.2    0      106.8
        9  17 -12 f-   108       3.8      578.7   56      111.9
       -9 -17 -12 f-    72       0.3      193.4    0      140.7

    17   12    3        17.1       261.0      2.32
      -12  17   3 a+     4      -4.0     -215.4   73      134.4
      -17 -12   3 f+   114       2.4      418.2    2       75.6
      -17 -12  -3 f-   114      -0.7       69.6    0      405.8
      -12  17  -3 a-     7       0.0     -233.4        114.3  part inp

    18  -10    3        22.5       184.4      2.34
       10  18   3 f+   111       0.7      629.8    0      159.7
      -10 -18   3 f+    72      -4.4       35.1   94       61.5
       10  18  -3 a-   108       0.6      621.4    0      175.3
      -10 -18  -3 a-    72      -0.1      512.8    0      204.9
Reflections printed out due to failing chi**2 test during scaling
     H    K    L Total chi**2,       <I>     resol
     original hkl    film#,  dev./sigma     I, %PROB,     sigma
    19   -7    9        23.8       759.6      2.27
        7  19   9 f+    99       2.1     1138.3    1      114.9
       -7 -19   9 f+    57      -1.1      746.0    0      195.2
        7  19  -9 f-    96       0.2      978.8    0      165.4
       -7 -19  -9 f-    60      -4.1      451.1   83       92.2

    19   11    1        15.5      2175.2      2.21
      -11  19   1 f+    14       0.0     2067.3    0      271.1
      -19 -11   1 f+   120      -0.3     2007.0    0      220.6
      -11  19  -1 f-    14      -0.4     1996.6    0      237.0
      -19 -11  -1 a-   120       4.0     3924.3   72      464.6

    20    0    2        16.7       617.9      2.42
        0  20   2 f+    63       0.6      775.5    0      140.2
        0 -20   2 f+    28      -3.8      406.0   61       70.3
        0  20  -2 f-    63       1.7      825.6    0       90.9
        0 -20  -2 f-    28       0.4      735.7    0      110.2

    20    3    8        16.4       270.9      2.30
       -3  20   8 a+    49       4.1      628.4   82      101.1
        3 -20   8 f+    10      -0.5      159.0    0       78.8
       -3  20  -8 f-    49      -0.2      154.1    0      166.8
        3 -20  -8 f-    10      -0.3      161.9    0       92.5

    21    3    3        21.5      1237.8      2.28
       -3  21   3 f+    49       2.3     1655.4    1      133.7
        3 -21   3 f+    14      -4.0      861.6   73      113.8
       -3  21  -3 f-    49      -0.5     1267.1    0      302.2
        3 -21  -3 f-    14      -0.2     1385.6    0      165.9



        Summary of reflection intensities and R-factors by "film" number
                              All data                Linear
   Batch     # obs # obs > 1   <I/sigma> N. Chi**2    R-fac
       1       459       456        11.0     0.811    0.063
       4       501       500        11.3     0.691    0.055
       7       523       520        10.3     0.971    0.058
      10       518       517        11.1     0.612    0.053
      14       519       514        10.9     0.829    0.059
      17       572       566        11.0     0.690    0.052
      20       475       471        10.9     0.898    0.061
      24       564       557        11.1     0.884    0.057
      28       494       491        10.9     0.960    0.066
      31       518       512        11.9     0.646    0.054
      34       515       513        10.9     0.740    0.059
      37       527       520        11.0     0.653    0.054
      40       516       513        11.2     0.984    0.069
      43       526       521        11.0     0.731    0.057
      46       524       523        10.6     0.873    0.058
      49       534       532        10.9     0.879    0.058
      52       553       546        10.8     0.760    0.056
      57       563       560        11.1     0.864    0.058
      60       540       534        11.1     0.843    0.058
      63       550       547        11.1     0.899    0.059
      66       559       551        11.1     0.814    0.055
      69       531       525        11.3     0.800    0.060
      72       558       553        10.9     0.741    0.052
      75       574       569        10.8     0.727    0.053
      78       535       519        10.1     0.773    0.057
      81       585       573        10.4     0.840    0.052
      84       571       556        10.5     0.714    0.058
      87       544       533        11.0     0.712    0.054
      90       587       573        10.6     0.991    0.063
      96       489       484        10.5     1.011    0.079
      99       488       486        11.0     0.957    0.066
     102       515       513        10.5     0.806    0.065
     105       515       515        10.8     0.861    0.059
     108       524       523        11.4     0.958    0.066
     111       529       528        10.6     0.857    0.056
     114       544       539        10.3     0.969    0.068
     117       505       500        10.2     0.992    0.065
     120       547       542        10.5     0.843    0.062
     123       522       516        10.4     0.922    0.058
     126       542       537        10.5     0.896    0.061
     129       539       533        10.5     0.928    0.062
     132       540       532        10.8     0.704    0.058
     135       527       519        10.3     0.835    0.062
     138       544       534        10.7     0.950    0.064
     141       545       538        11.1     0.705    0.054
     144       492       486        10.8     0.817    0.054
 All films   24442     24190        10.8     0.833    0.059


    Shell            Summary of observation redundancies by shells:
  Lower Upper      No. of reflections with given No. of observations
  limit limit     0     1     2     3     4   5-6   7-8  9-12 13-19   >19  total
  40.00  4.74   414    72    59    35   190    17     0     0     0     0    373
   4.74  3.76   321    53    76    65   224    17     0     0     0     0    435
   3.76  3.29   137    39    70    95   379    41     0     0     0     0    624
   3.29  2.99    37    33    46    77   504    57     0     0     0     0    717
   2.99  2.77    13     9    43    64   555    67     0     0     0     0    738
   2.77  2.61    11    10    32    78   553    70     0     0     0     0    743
   2.61  2.48     8    11    33    75   557    76     0     0     0     0    752
   2.48  2.37     7     8    34    72   550    71     0     0     0     0    735
   2.37  2.28     6    10    36    90   529    67     0     0     0     0    732
   2.28  2.20    32     7    35    84   533    65     0     0     0     0    724
 All hkl        986   252   464   735  4574   548     0     0     0     0   6573



     Shell             Summary of observation redundancies:
  Lower Upper      % of reflections with given No. of observations
  limit limit     0     1     2     3     4   5-6   7-8  9-12 13-19   >19  total
  40.00  4.74  52.6   9.1   7.5   4.4  24.1   2.2   0.0   0.0   0.0   0.0   47.4
   4.74  3.76  42.5   7.0  10.1   8.6  29.6   2.2   0.0   0.0   0.0   0.0   57.5
   3.76  3.29  18.0   5.1   9.2  12.5  49.8   5.4   0.0   0.0   0.0   0.0   82.0
   3.29  2.99   4.9   4.4   6.1  10.2  66.8   7.6   0.0   0.0   0.0   0.0   95.1
   2.99  2.77   1.7   1.2   5.7   8.5  73.9   8.9   0.0   0.0   0.0   0.0   98.3
   2.77  2.61   1.5   1.3   4.2  10.3  73.3   9.3   0.0   0.0   0.0   0.0   98.5
   2.61  2.48   1.1   1.4   4.3   9.9  73.3  10.0   0.0   0.0   0.0   0.0   98.9
   2.48  2.37   0.9   1.1   4.6   9.7  74.1   9.6   0.0   0.0   0.0   0.0   99.1
   2.37  2.28   0.8   1.4   4.9  12.2  71.7   9.1   0.0   0.0   0.0   0.0   99.2
   2.28  2.20   4.2   0.9   4.6  11.1  70.5   8.6   0.0   0.0   0.0   0.0   95.8
 All hkl       13.0   3.3   6.1   9.7  60.5   7.2   0.0   0.0   0.0   0.0   87.0



     Shell            I/Sigma in resolution shells:
  Lower Upper      No. of reflections with I / Sigma less than
  limit limit     0     1     2     3     5    10    20   >20  total
  40.00  4.74     1     4     7    11    27    92   368     5    373
   4.74  3.76     3     3     5     8    15    58   424    11    435
   3.76  3.29     2     5     6    11    19    58   570    54    624
   3.29  2.99     2     4    10    15    22    66   650    67    717
   2.99  2.77     4    13    19    25    33    81   694    44    738
   2.77  2.61     7    12    15    24    35    92   719    24    743
   2.61  2.48    11    20    23    27    41   114   717    35    752
   2.48  2.37     8    19    32    39    60   132   701    34    735
   2.37  2.28    20    31    47    58    87   185   719    13    732
   2.28  2.20    15    25    40    50    78   186   719     5    724
 All hkl         73   136   204   268   417  1064  6281   292   6573



     Shell            I/Sigma in resolution shells:
  Lower Upper      % of reflections with I / Sigma less than
  limit limit     0     1     2     3     5    10    20   >20  total
  40.00  4.74   0.1   0.5   0.9   1.4   3.4  11.7  46.8   0.6   47.4
   4.74  3.76   0.4   0.4   0.7   1.1   2.0   7.7  56.1   1.5   57.5
   3.76  3.29   0.3   0.7   0.8   1.4   2.5   7.6  74.9   7.1   82.0
   3.29  2.99   0.3   0.5   1.3   2.0   2.9   8.8  86.2   8.9   95.1
   2.99  2.77   0.5   1.7   2.5   3.3   4.4  10.8  92.4   5.9   98.3
   2.77  2.61   0.9   1.6   2.0   3.2   4.6  12.2  95.4   3.2   98.5
   2.61  2.48   1.4   2.6   3.0   3.6   5.4  15.0  94.3   4.6   98.9
   2.48  2.37   1.1   2.6   4.3   5.3   8.1  17.8  94.5   4.6   99.1
   2.37  2.28   2.7   4.2   6.4   7.9  11.8  25.1  97.4   1.8   99.2
   2.28  2.20   2.0   3.3   5.3   6.6  10.3  24.6  95.1   0.7   95.8
 All hkl        1.0   1.8   2.7   3.5   5.5  14.1  83.1   3.9   87.0


               Summary of reflections intensities and R-factors by shells
     R linear = SUM ( ABS(I - <I>)) / SUM (I)
     R square = SUM ( (I - <I>) ** 2) / SUM (I ** 2)
     Chi**2   = SUM ( (I - <I>) ** 2) / (Error ** 2 * N / (N-1) ) )
     In all sums single measurements are excluded

 Shell Lower Upper Average      Average    Norm.  Linear Square
 limit    Angstrom       I   error   stat. Chi**2  R-fac  R-fac
      40.00   4.74 11570.2  1203.5   948.4  0.425  0.043  0.053
       4.74   3.76 18574.0  1517.0  1052.1  0.465  0.041  0.048
       3.76   3.29 16622.8  1206.9   797.2  0.470  0.043  0.053
       3.29   2.99 12263.7   838.7   549.0  0.486  0.046  0.057
       2.99   2.77  7477.4   466.9   311.7  0.682  0.055  0.065
       2.77   2.61  6395.8   406.5   271.1  0.721  0.061  0.074
       2.61   2.48  4974.3   325.7   222.4  0.876  0.074  0.095
       2.48   2.37  3804.0   245.4   168.9  1.066  0.086  0.107
       2.37   2.28  3196.2   226.3   165.1  1.175  0.104  0.140
       2.28   2.20  2837.2   206.4   154.2  1.389  0.120  0.166
  All reflections   8027.0   585.8   404.4  0.832  0.059  0.068

     Intensities of systematic absences
      h   k   l  Intesity     Sigma   I/Sigma

      0   0   2       0.2       4.6       0.1
      0   0   3       9.0       1.1       8.0
      0   0   6      15.1       2.7       5.6
      0   0  10      17.0       3.1       5.5


                CPU time (sec) Direct I/O Page faults
 I/O and sorting         0.00           0           0
 Defining equations      0.00           0           0
 Solving equations       0.00           0           0
 Today is  Mon Feb 20 02:37:57 1995
 
 HKL data processing system Version 1.2.3
 
 Programs Denzo and Scalepack developed by Zbyszek Otwinowski 
 Copyright 1985-1993 by Zbyszek Otwinowski 
 Program XDISPLAYF developed by Wladek Minor 
 Copyright 1991-1993 by Purdue Research Foundation 
 
 You have a temporary licence for HKL program
 The license is going to expire Sun Apr 16 00:59:59 1995

