cc -c -o /Users/mewall/mewall/packages/lunus/c/lib/lavgim.o -g3 -L/Users/mewall/mewall/packages/lunus/c/lib -O2 -I/Users/mewall/mewall/packages/lunus/c/include /Users/mewall/mewall/packages/lunus/c/lib/lavgim.c
cc -c -o /Users/mewall/mewall/packages/lunus/c/lib/lavgr.o -g3 -L/Users/mewall/mewall/packages/lunus/c/lib -O2 -I/Users/mewall/mewall/packages/lunus/c/include /Users/mewall/mewall/packages/lunus/c/lib/lavgr.c
cc -c -o /Users/mewall/mewall/packages/lunus/c/lib/lavgrf.o -g3 -L/Users/mewall/mewall/packages/lunus/c/lib -O2 -I/Users/mewall/mewall/packages/lunus/c/include /Users/mewall/mewall/packages/lunus/c/lib/lavgrf.c
cc -c -o /Users/mewall/mewall/packages/lunus/c/lib/lavgrim.o -g3 -L/Users/mewall/mewall/packages/lunus/c/lib -O2 -I/Users/mewall/mewall/packages/lunus/c/include /Users/mewall/mewall/packages/lunus/c/lib/lavgrim.c
cc -c -o /Users/mewall/mewall/packages/lunus/c/lib/lavgrlt.o -g3 -L/Users/mewall/mewall/packages/lunus/c/lib -O2 -I/Users/mewall/mewall/packages/lunus/c/include /Users/mewall/mewall/packages/lunus/c/lib/lavgrlt.c
cc -c -o /Users/mewall/mewall/packages/lunus/c/lib/lavgsqim.o -g3 -L/Users/mewall/mewall/packages/lunus/c/lib -O2 -I/Users/mewall/mewall/packages/lunus/c/include /Users/mewall/mewall/packages/lunus/c/lib/lavgsqim.c
cc -c -o /Users/mewall/mewall/packages/lunus/c/lib/lavsqrim.o -g3 -L/Users/mewall/mewall/packages/lunus/c/lib -O2 -I/Users/mewall/mewall/packages/lunus/c/include /Users/mewall/mewall/packages/lunus/c/lib/lavsqrim.c
cc -c -o /Users/mewall/mewall/packages/lunus/c/lib/lavsqrlt.o -g3 -L/Users/mewall/mewall/packages/lunus/c/lib -O2 -I/Users/mewall/mewall/packages/lunus/c/include /Users/mewall/mewall/packages/lunus/c/lib/lavsqrlt.c
cc -c -o /Users/mewall/mewall/packages/lunus/c/lib/lbuttim.o -g3 -L/Users/mewall/mewall/packages/lunus/c/lib -O2 -I/Users/mewall/mewall/packages/lunus/c/include /Users/mewall/mewall/packages/lunus/c/lib/lbuttim.c
cc -c -o /Users/mewall/mewall/packages/lunus/c/lib/lchbyte.o -g3 -L/Users/mewall/mewall/packages/lunus/c/lib -O2 -I/Users/mewall/mewall/packages/lunus/c/include /Users/mewall/mewall/packages/lunus/c/lib/lchbyte.c
cc -c -o /Users/mewall/mewall/packages/lunus/c/lib/lconstim.o -g3 -L/Users/mewall/mewall/packages/lunus/c/lib -O2 -I/Users/mewall/mewall/packages/lunus/c/include /Users/mewall/mewall/packages/lunus/c/lib/lconstim.c
cc -c -o /Users/mewall/mewall/packages/lunus/c/lib/lconstlt.o -g3 -L/Users/mewall/mewall/packages/lunus/c/lib -O2 -I/Users/mewall/mewall/packages/lunus/c/include /Users/mewall/mewall/packages/lunus/c/lib/lconstlt.c
cc -c -o /Users/mewall/mewall/packages/lunus/c/lib/lconstrf.o -g3 -L/Users/mewall/mewall/packages/lunus/c/lib -O2 -I/Users/mewall/mewall/packages/lunus/c/include /Users/mewall/mewall/packages/lunus/c/lib/lconstrf.c
cc -c -o /Users/mewall/mewall/packages/lunus/c/lib/lculllt.o -g3 -L/Users/mewall/mewall/packages/lunus/c/lib -O2 -I/Users/mewall/mewall/packages/lunus/c/include /Users/mewall/mewall/packages/lunus/c/lib/lculllt.c
cc -c -o /Users/mewall/mewall/packages/lunus/c/lib/lcutim.o -g3 -L/Users/mewall/mewall/packages/lunus/c/lib -O2 -I/Users/mewall/mewall/packages/lunus/c/include /Users/mewall/mewall/packages/lunus/c/lib/lcutim.c
cc -c -o /Users/mewall/mewall/packages/lunus/c/lib/ldf2im.o -g3 -L/Users/mewall/mewall/packages/lunus/c/lib -O2 -I/Users/mewall/mewall/packages/lunus/c/include /Users/mewall/mewall/packages/lunus/c/lib/ldf2im.c
cc -c -o /Users/mewall/mewall/packages/lunus/c/lib/ldfrflt.o -g3 -L/Users/mewall/mewall/packages/lunus/c/lib -O2 -I/Users/mewall/mewall/packages/lunus/c/include /Users/mewall/mewall/packages/lunus/c/lib/ldfrflt.c
cc -c -o /Users/mewall/mewall/packages/lunus/c/lib/ldfsqrlt.o -g3 -L/Users/mewall/mewall/packages/lunus/c/lib -O2 -I/Users/mewall/mewall/packages/lunus/c/include /Users/mewall/mewall/packages/lunus/c/lib/ldfsqrlt.c
cc -c -o /Users/mewall/mewall/packages/lunus/c/lib/ldivlt.o -g3 -L/Users/mewall/mewall/packages/lunus/c/lib -O2 -I/Users/mewall/mewall/packages/lunus/c/include /Users/mewall/mewall/packages/lunus/c/lib/ldivlt.c
cc -c -o /Users/mewall/mewall/packages/lunus/c/lib/ldivrf.o -g3 -L/Users/mewall/mewall/packages/lunus/c/lib -O2 -I/Users/mewall/mewall/packages/lunus/c/include /Users/mewall/mewall/packages/lunus/c/lib/ldivrf.c
cc -c -o /Users/mewall/mewall/packages/lunus/c/lib/lexplt.o -g3 -L/Users/mewall/mewall/packages/lunus/c/lib -O2 -I/Users/mewall/mewall/packages/lunus/c/include /Users/mewall/mewall/packages/lunus/c/lib/lexplt.c
cc -c -o /Users/mewall/mewall/packages/lunus/c/lib/lfft.o -g3 -L/Users/mewall/mewall/packages/lunus/c/lib -O2 -I/Users/mewall/mewall/packages/lunus/c/include /Users/mewall/mewall/packages/lunus/c/lib/lfft.c
cc -c -o /Users/mewall/mewall/packages/lunus/c/lib/lfreeim.o -g3 -L/Users/mewall/mewall/packages/lunus/c/lib -O2 -I/Users/mewall/mewall/packages/lunus/c/include /Users/mewall/mewall/packages/lunus/c/lib/lfreeim.c
cc -c -o /Users/mewall/mewall/packages/lunus/c/lib/lfreelt.o -g3 -L/Users/mewall/mewall/packages/lunus/c/lib -O2 -I/Users/mewall/mewall/packages/lunus/c/include /Users/mewall/mewall/packages/lunus/c/lib/lfreelt.c
cc -c -o /Users/mewall/mewall/packages/lunus/c/lib/lgausslt.o -g3 -L/Users/mewall/mewall/packages/lunus/c/lib -O2 -I/Users/mewall/mewall/packages/lunus/c/include /Users/mewall/mewall/packages/lunus/c/lib/lgausslt.c
cc -c -o /Users/mewall/mewall/packages/lunus/c/lib/lgensv.o -g3 -L/Users/mewall/mewall/packages/lunus/c/lib -O2 -I/Users/mewall/mewall/packages/lunus/c/include /Users/mewall/mewall/packages/lunus/c/lib/lgensv.c
cc -c -o /Users/mewall/mewall/packages/lunus/c/lib/lgetanls.o -g3 -L/Users/mewall/mewall/packages/lunus/c/lib -O2 -I/Users/mewall/mewall/packages/lunus/c/include /Users/mewall/mewall/packages/lunus/c/lib/lgetanls.c
cc -c -o /Users/mewall/mewall/packages/lunus/c/lib/lgetmat.o -g3 -L/Users/mewall/mewall/packages/lunus/c/lib -O2 -I/Users/mewall/mewall/packages/lunus/c/include /Users/mewall/mewall/packages/lunus/c/lib/lgetmat.c
cc -c -o /Users/mewall/mewall/packages/lunus/c/lib/lgetovld.o -g3 -L/Users/mewall/mewall/packages/lunus/c/lib -O2 -I/Users/mewall/mewall/packages/lunus/c/include /Users/mewall/mewall/packages/lunus/c/lib/lgetovld.c
cc -c -o /Users/mewall/mewall/packages/lunus/c/lib/lgetpks.o -g3 -L/Users/mewall/mewall/packages/lunus/c/lib -O2 -I/Users/mewall/mewall/packages/lunus/c/include /Users/mewall/mewall/packages/lunus/c/lib/lgetpks.c
cc -c -o /Users/mewall/mewall/packages/lunus/c/lib/linitim.o -g3 -L/Users/mewall/mewall/packages/lunus/c/lib -O2 -I/Users/mewall/mewall/packages/lunus/c/include /Users/mewall/mewall/packages/lunus/c/lib/linitim.c
cc -c -o /Users/mewall/mewall/packages/lunus/c/lib/linitlt.o -g3 -L/Users/mewall/mewall/packages/lunus/c/lib -O2 -I/Users/mewall/mewall/packages/lunus/c/include /Users/mewall/mewall/packages/lunus/c/lib/linitlt.c
cc -c -o /Users/mewall/mewall/packages/lunus/c/lib/lintdfim.o -g3 -L/Users/mewall/mewall/packages/lunus/c/lib -O2 -I/Users/mewall/mewall/packages/lunus/c/include /Users/mewall/mewall/packages/lunus/c/lib/lintdfim.c
cc -c -o /Users/mewall/mewall/packages/lunus/c/lib/lmedim.o -g3 -L/Users/mewall/mewall/packages/lunus/c/lib -O2 -I/Users/mewall/mewall/packages/lunus/c/include /Users/mewall/mewall/packages/lunus/c/lib/lmedim.c
cc -c -o /Users/mewall/mewall/packages/lunus/c/lib/lmin.o -g3 -L/Users/mewall/mewall/packages/lunus/c/lib -O2 -I/Users/mewall/mewall/packages/lunus/c/include /Users/mewall/mewall/packages/lunus/c/lib/lmin.c
cc -c -o /Users/mewall/mewall/packages/lunus/c/lib/lminr.o -g3 -L/Users/mewall/mewall/packages/lunus/c/lib -O2 -I/Users/mewall/mewall/packages/lunus/c/include /Users/mewall/mewall/packages/lunus/c/lib/lminr.c
cc -c -o /Users/mewall/mewall/packages/lunus/c/lib/lminrim.o -g3 -L/Users/mewall/mewall/packages/lunus/c/lib -O2 -I/Users/mewall/mewall/packages/lunus/c/include /Users/mewall/mewall/packages/lunus/c/lib/lminrim.c
cc -c -o /Users/mewall/mewall/packages/lunus/c/lib/lmodeim.o -g3 -L/Users/mewall/mewall/packages/lunus/c/lib -O2 -I/Users/mewall/mewall/packages/lunus/c/include /Users/mewall/mewall/packages/lunus/c/lib/lmodeim.c
cc -c -o /Users/mewall/mewall/packages/lunus/c/lib/lmulim.o -g3 -L/Users/mewall/mewall/packages/lunus/c/lib -O2 -I/Users/mewall/mewall/packages/lunus/c/include /Users/mewall/mewall/packages/lunus/c/lib/lmulim.c
cc -c -o /Users/mewall/mewall/packages/lunus/c/lib/lmullt.o -g3 -L/Users/mewall/mewall/packages/lunus/c/lib -O2 -I/Users/mewall/mewall/packages/lunus/c/include /Users/mewall/mewall/packages/lunus/c/lib/lmullt.c
cc -c -o /Users/mewall/mewall/packages/lunus/c/lib/lmulrf.o -g3 -L/Users/mewall/mewall/packages/lunus/c/lib -O2 -I/Users/mewall/mewall/packages/lunus/c/include /Users/mewall/mewall/packages/lunus/c/lib/lmulrf.c
cc -c -o /Users/mewall/mewall/packages/lunus/c/lib/lmulrfim.o -g3 -L/Users/mewall/mewall/packages/lunus/c/lib -O2 -I/Users/mewall/mewall/packages/lunus/c/include /Users/mewall/mewall/packages/lunus/c/lib/lmulrfim.c
cc -c -o /Users/mewall/mewall/packages/lunus/c/lib/lmulsclt.o -g3 -L/Users/mewall/mewall/packages/lunus/c/lib -O2 -I/Users/mewall/mewall/packages/lunus/c/include /Users/mewall/mewall/packages/lunus/c/lib/lmulsclt.c
cc -c -o /Users/mewall/mewall/packages/lunus/c/lib/lnign.o -g3 -L/Users/mewall/mewall/packages/lunus/c/lib -O2 -I/Users/mewall/mewall/packages/lunus/c/include /Users/mewall/mewall/packages/lunus/c/lib/lnign.c
cc -c -o /Users/mewall/mewall/packages/lunus/c/lib/lnoiseim.o -g3 -L/Users/mewall/mewall/packages/lunus/c/lib -O2 -I/Users/mewall/mewall/packages/lunus/c/include /Users/mewall/mewall/packages/lunus/c/lib/lnoiseim.c
cc -c -o /Users/mewall/mewall/packages/lunus/c/lib/lnormim.o -g3 -L/Users/mewall/mewall/packages/lunus/c/lib -O2 -I/Users/mewall/mewall/packages/lunus/c/include /Users/mewall/mewall/packages/lunus/c/lib/lnormim.c
cc -c -o /Users/mewall/mewall/packages/lunus/c/lib/lpeakim.o -g3 -L/Users/mewall/mewall/packages/lunus/c/lib -O2 -I/Users/mewall/mewall/packages/lunus/c/include /Users/mewall/mewall/packages/lunus/c/lib/lpeakim.c
cc -c -o /Users/mewall/mewall/packages/lunus/c/lib/lpolarim.o -g3 -L/Users/mewall/mewall/packages/lunus/c/lib -O2 -I/Users/mewall/mewall/packages/lunus/c/include /Users/mewall/mewall/packages/lunus/c/lib/lpolarim.c
cc -c -o /Users/mewall/mewall/packages/lunus/c/lib/lpunch.o -g3 -L/Users/mewall/mewall/packages/lunus/c/lib -O2 -I/Users/mewall/mewall/packages/lunus/c/include /Users/mewall/mewall/packages/lunus/c/lib/lpunch.c
cc -c -o /Users/mewall/mewall/packages/lunus/c/lib/lpunchim.o -g3 -L/Users/mewall/mewall/packages/lunus/c/lib -O2 -I/Users/mewall/mewall/packages/lunus/c/include /Users/mewall/mewall/packages/lunus/c/lib/lpunchim.c
cc -c -o /Users/mewall/mewall/packages/lunus/c/lib/lratioim.o -g3 -L/Users/mewall/mewall/packages/lunus/c/lib -O2 -I/Users/mewall/mewall/packages/lunus/c/include /Users/mewall/mewall/packages/lunus/c/lib/lratioim.c
cc -c -o /Users/mewall/mewall/packages/lunus/c/lib/lreaddf.o -g3 -L/Users/mewall/mewall/packages/lunus/c/lib -O2 -I/Users/mewall/mewall/packages/lunus/c/include /Users/mewall/mewall/packages/lunus/c/lib/lreaddf.c
cc -c -o /Users/mewall/mewall/packages/lunus/c/lib/lreadim.o -g3 -L/Users/mewall/mewall/packages/lunus/c/lib -O2 -I/Users/mewall/mewall/packages/lunus/c/include /Users/mewall/mewall/packages/lunus/c/lib/lreadim.c
cc -c -o /Users/mewall/mewall/packages/lunus/c/lib/lreadlt.o -g3 -L/Users/mewall/mewall/packages/lunus/c/lib -O2 -I/Users/mewall/mewall/packages/lunus/c/include /Users/mewall/mewall/packages/lunus/c/lib/lreadlt.c
cc -c -o /Users/mewall/mewall/packages/lunus/c/lib/lreadrf.o -g3 -L/Users/mewall/mewall/packages/lunus/c/lib -O2 -I/Users/mewall/mewall/packages/lunus/c/include /Users/mewall/mewall/packages/lunus/c/lib/lreadrf.c
cc -c -o /Users/mewall/mewall/packages/lunus/c/lib/lrf2lt.o -g3 -L/Users/mewall/mewall/packages/lunus/c/lib -O2 -I/Users/mewall/mewall/packages/lunus/c/include /Users/mewall/mewall/packages/lunus/c/lib/lrf2lt.c
cc -c -o /Users/mewall/mewall/packages/lunus/c/lib/lrmpkim.o -g3 -L/Users/mewall/mewall/packages/lunus/c/lib -O2 -I/Users/mewall/mewall/packages/lunus/c/include /Users/mewall/mewall/packages/lunus/c/lib/lrmpkim.c
cc -c -o /Users/mewall/mewall/packages/lunus/c/lib/lscaleim.o -g3 -L/Users/mewall/mewall/packages/lunus/c/lib -O2 -I/Users/mewall/mewall/packages/lunus/c/include /Users/mewall/mewall/packages/lunus/c/lib/lscaleim.c
cc -c -o /Users/mewall/mewall/packages/lunus/c/lib/lscalelt.o -g3 -L/Users/mewall/mewall/packages/lunus/c/lib -O2 -I/Users/mewall/mewall/packages/lunus/c/include /Users/mewall/mewall/packages/lunus/c/lib/lscalelt.c
cc -c -o /Users/mewall/mewall/packages/lunus/c/lib/lshim4lt.o -g3 -L/Users/mewall/mewall/packages/lunus/c/lib -O2 -I/Users/mewall/mewall/packages/lunus/c/include /Users/mewall/mewall/packages/lunus/c/lib/lshim4lt.c
cc -c -o /Users/mewall/mewall/packages/lunus/c/lib/lshimlt.o -g3 -L/Users/mewall/mewall/packages/lunus/c/lib -O2 -I/Users/mewall/mewall/packages/lunus/c/include /Users/mewall/mewall/packages/lunus/c/lib/lshimlt.c
cc -c -o /Users/mewall/mewall/packages/lunus/c/lib/lsmthim.o -g3 -L/Users/mewall/mewall/packages/lunus/c/lib -O2 -I/Users/mewall/mewall/packages/lunus/c/include /Users/mewall/mewall/packages/lunus/c/lib/lsmthim.c
cc -c -o /Users/mewall/mewall/packages/lunus/c/lib/lsolidlt.o -g3 -L/Users/mewall/mewall/packages/lunus/c/lib -O2 -I/Users/mewall/mewall/packages/lunus/c/include /Users/mewall/mewall/packages/lunus/c/lib/lsolidlt.c
cc -c -o /Users/mewall/mewall/packages/lunus/c/lib/lsubim.o -g3 -L/Users/mewall/mewall/packages/lunus/c/lib -O2 -I/Users/mewall/mewall/packages/lunus/c/include /Users/mewall/mewall/packages/lunus/c/lib/lsubim.c
cc -c -o /Users/mewall/mewall/packages/lunus/c/lib/lsublt.o -g3 -L/Users/mewall/mewall/packages/lunus/c/lib -O2 -I/Users/mewall/mewall/packages/lunus/c/include /Users/mewall/mewall/packages/lunus/c/lib/lsublt.c
cc -c -o /Users/mewall/mewall/packages/lunus/c/lib/lsubrf.o -g3 -L/Users/mewall/mewall/packages/lunus/c/lib -O2 -I/Users/mewall/mewall/packages/lunus/c/include /Users/mewall/mewall/packages/lunus/c/lib/lsubrf.c
cc -c -o /Users/mewall/mewall/packages/lunus/c/lib/lsubrfim.o -g3 -L/Users/mewall/mewall/packages/lunus/c/lib -O2 -I/Users/mewall/mewall/packages/lunus/c/include /Users/mewall/mewall/packages/lunus/c/lib/lsubrfim.c
cc -c -o /Users/mewall/mewall/packages/lunus/c/lib/lsubrflt.o -g3 -L/Users/mewall/mewall/packages/lunus/c/lib -O2 -I/Users/mewall/mewall/packages/lunus/c/include /Users/mewall/mewall/packages/lunus/c/lib/lsubrflt.c
cc -c -o /Users/mewall/mewall/packages/lunus/c/lib/lsumim.o -g3 -L/Users/mewall/mewall/packages/lunus/c/lib -O2 -I/Users/mewall/mewall/packages/lunus/c/include /Users/mewall/mewall/packages/lunus/c/lib/lsumim.c
cc -c -o /Users/mewall/mewall/packages/lunus/c/lib/lsumlt.o -g3 -L/Users/mewall/mewall/packages/lunus/c/lib -O2 -I/Users/mewall/mewall/packages/lunus/c/include /Users/mewall/mewall/packages/lunus/c/lib/lsumlt.c
cc -c -o /Users/mewall/mewall/packages/lunus/c/lib/lsumrf.o -g3 -L/Users/mewall/mewall/packages/lunus/c/lib -O2 -I/Users/mewall/mewall/packages/lunus/c/include /Users/mewall/mewall/packages/lunus/c/lib/lsumrf.c
cc -c -o /Users/mewall/mewall/packages/lunus/c/lib/lsymlt.o -g3 -L/Users/mewall/mewall/packages/lunus/c/lib -O2 -I/Users/mewall/mewall/packages/lunus/c/include /Users/mewall/mewall/packages/lunus/c/lib/lsymlt.c
cc -c -o /Users/mewall/mewall/packages/lunus/c/lib/ltagim.o -g3 -L/Users/mewall/mewall/packages/lunus/c/lib -O2 -I/Users/mewall/mewall/packages/lunus/c/include /Users/mewall/mewall/packages/lunus/c/lib/ltagim.c
cc -c -o /Users/mewall/mewall/packages/lunus/c/lib/ltaglt.o -g3 -L/Users/mewall/mewall/packages/lunus/c/lib -O2 -I/Users/mewall/mewall/packages/lunus/c/include /Users/mewall/mewall/packages/lunus/c/lib/ltaglt.c
cc -c -o /Users/mewall/mewall/packages/lunus/c/lib/lthrshim.o -g3 -L/Users/mewall/mewall/packages/lunus/c/lib -O2 -I/Users/mewall/mewall/packages/lunus/c/include /Users/mewall/mewall/packages/lunus/c/lib/lthrshim.c
cc -c -o /Users/mewall/mewall/packages/lunus/c/lib/ltordata.o -g3 -L/Users/mewall/mewall/packages/lunus/c/lib -O2 -I/Users/mewall/mewall/packages/lunus/c/include /Users/mewall/mewall/packages/lunus/c/lib/ltordata.c
cc -c -o /Users/mewall/mewall/packages/lunus/c/lib/lupdbd.o -g3 -L/Users/mewall/mewall/packages/lunus/c/lib -O2 -I/Users/mewall/mewall/packages/lunus/c/include /Users/mewall/mewall/packages/lunus/c/lib/lupdbd.c
cc -c -o /Users/mewall/mewall/packages/lunus/c/lib/lwaveim.o -g3 -L/Users/mewall/mewall/packages/lunus/c/lib -O2 -I/Users/mewall/mewall/packages/lunus/c/include /Users/mewall/mewall/packages/lunus/c/lib/lwaveim.c
cc -c -o /Users/mewall/mewall/packages/lunus/c/lib/lwindim.o -g3 -L/Users/mewall/mewall/packages/lunus/c/lib -O2 -I/Users/mewall/mewall/packages/lunus/c/include /Users/mewall/mewall/packages/lunus/c/lib/lwindim.c
cc -c -o /Users/mewall/mewall/packages/lunus/c/lib/lwritedf.o -g3 -L/Users/mewall/mewall/packages/lunus/c/lib -O2 -I/Users/mewall/mewall/packages/lunus/c/include /Users/mewall/mewall/packages/lunus/c/lib/lwritedf.c
cc -c -o /Users/mewall/mewall/packages/lunus/c/lib/lwriteim.o -g3 -L/Users/mewall/mewall/packages/lunus/c/lib -O2 -I/Users/mewall/mewall/packages/lunus/c/include /Users/mewall/mewall/packages/lunus/c/lib/lwriteim.c
cc -c -o /Users/mewall/mewall/packages/lunus/c/lib/lwritelt.o -g3 -L/Users/mewall/mewall/packages/lunus/c/lib -O2 -I/Users/mewall/mewall/packages/lunus/c/include /Users/mewall/mewall/packages/lunus/c/lib/lwritelt.c
cc -c -o /Users/mewall/mewall/packages/lunus/c/lib/lwriterf.o -g3 -L/Users/mewall/mewall/packages/lunus/c/lib -O2 -I/Users/mewall/mewall/packages/lunus/c/include /Users/mewall/mewall/packages/lunus/c/lib/lwriterf.c
cc -c -o /Users/mewall/mewall/packages/lunus/c/lib/lwritesh.o -g3 -L/Users/mewall/mewall/packages/lunus/c/lib -O2 -I/Users/mewall/mewall/packages/lunus/c/include /Users/mewall/mewall/packages/lunus/c/lib/lwritesh.c
cc -c -o /Users/mewall/mewall/packages/lunus/c/lib/lxavgr.o -g3 -L/Users/mewall/mewall/packages/lunus/c/lib -O2 -I/Users/mewall/mewall/packages/lunus/c/include /Users/mewall/mewall/packages/lunus/c/lib/lxavgr.c
cc -c -o /Users/mewall/mewall/packages/lunus/c/lib/lxavgrim.o -g3 -L/Users/mewall/mewall/packages/lunus/c/lib -O2 -I/Users/mewall/mewall/packages/lunus/c/include /Users/mewall/mewall/packages/lunus/c/lib/lxavgrim.c
cc -c -o /Users/mewall/mewall/packages/lunus/c/lib/lxflt.o -g3 -L/Users/mewall/mewall/packages/lunus/c/lib -O2 -I/Users/mewall/mewall/packages/lunus/c/include /Users/mewall/mewall/packages/lunus/c/lib/lxflt.c
cc -c -o /Users/mewall/mewall/packages/lunus/c/lib/lxfmask.o -g3 -L/Users/mewall/mewall/packages/lunus/c/lib -O2 -I/Users/mewall/mewall/packages/lunus/c/include /Users/mewall/mewall/packages/lunus/c/lib/lxfmask.c
cd /Users/mewall/mewall/packages/lunus/c/lib; ar cr libmw.a lavgim.o lavgr.o lavgrf.o lavgrim.o lavgrlt.o lavgsqim.o lavsqrim.o lavsqrlt.o lbuttim.o lchbyte.o lconstim.o lconstlt.o lconstrf.o lculllt.o lcutim.o ldf2im.o ldfrflt.o ldfsqrlt.o ldivlt.o ldivrf.o lexplt.o lfft.o lfreeim.o lfreelt.o lgausslt.o lgensv.o lgetanls.o lgetmat.o lgetovld.o lgetpks.o linitim.o linitlt.o lintdfim.o lmedim.o lmin.o lminr.o lminrim.o lmodeim.o lmulim.o lmullt.o lmulrf.o lmulrfim.o lmulsclt.o lnign.o lnoiseim.o lnormim.o lpeakim.o lpolarim.o lpunch.o lpunchim.o lratioim.o lreaddf.o lreadim.o lreadlt.o lreadrf.o lrf2lt.o lrmpkim.o lscaleim.o lscalelt.o lshim4lt.o lshimlt.o lsmthim.o lsolidlt.o lsubim.o lsublt.o lsubrf.o lsubrfim.o lsubrflt.o lsumim.o lsumlt.o lsumrf.o lsymlt.o ltagim.o ltaglt.o lthrshim.o ltordata.o lupdbd.o lwaveim.o lwindim.o lwritedf.o lwriteim.o lwritelt.o lwriterf.o lwritesh.o lxavgr.o lxavgrim.o lxflt.o lxfmask.o
cc -g3 -L/Users/mewall/mewall/packages/lunus/c/lib -O2 -I/Users/mewall/mewall/packages/lunus/c/include -o /Users/mewall/mewall/packages/lunus/c/bin/avgim /Users/mewall/mewall/packages/lunus/c/src/avgim.c -lmw -lm
cc -g3 -L/Users/mewall/mewall/packages/lunus/c/lib -O2 -I/Users/mewall/mewall/packages/lunus/c/include -o /Users/mewall/mewall/packages/lunus/c/bin/avgr /Users/mewall/mewall/packages/lunus/c/src/avgr.c -lmw -lm
cc -g3 -L/Users/mewall/mewall/packages/lunus/c/lib -O2 -I/Users/mewall/mewall/packages/lunus/c/include -o /Users/mewall/mewall/packages/lunus/c/bin/avgrf /Users/mewall/mewall/packages/lunus/c/src/avgrf.c -lmw -lm
cc -g3 -L/Users/mewall/mewall/packages/lunus/c/lib -O2 -I/Users/mewall/mewall/packages/lunus/c/include -o /Users/mewall/mewall/packages/lunus/c/bin/avgrim /Users/mewall/mewall/packages/lunus/c/src/avgrim.c -lmw -lm
cc -g3 -L/Users/mewall/mewall/packages/lunus/c/lib -O2 -I/Users/mewall/mewall/packages/lunus/c/include -o /Users/mewall/mewall/packages/lunus/c/bin/avgrlt /Users/mewall/mewall/packages/lunus/c/src/avgrlt.c -lmw -lm
cc -g3 -L/Users/mewall/mewall/packages/lunus/c/lib -O2 -I/Users/mewall/mewall/packages/lunus/c/include -o /Users/mewall/mewall/packages/lunus/c/bin/avgsqim /Users/mewall/mewall/packages/lunus/c/src/avgsqim.c -lmw -lm
cc -g3 -L/Users/mewall/mewall/packages/lunus/c/lib -O2 -I/Users/mewall/mewall/packages/lunus/c/include -o /Users/mewall/mewall/packages/lunus/c/bin/avsqrim /Users/mewall/mewall/packages/lunus/c/src/avsqrim.c -lmw -lm
cc -g3 -L/Users/mewall/mewall/packages/lunus/c/lib -O2 -I/Users/mewall/mewall/packages/lunus/c/include -o /Users/mewall/mewall/packages/lunus/c/bin/avsqrlt /Users/mewall/mewall/packages/lunus/c/src/avsqrlt.c -lmw -lm
cc -g3 -L/Users/mewall/mewall/packages/lunus/c/lib -O2 -I/Users/mewall/mewall/packages/lunus/c/include -o /Users/mewall/mewall/packages/lunus/c/bin/binasc /Users/mewall/mewall/packages/lunus/c/src/binasc.c -lmw -lm
cc -g3 -L/Users/mewall/mewall/packages/lunus/c/lib -O2 -I/Users/mewall/mewall/packages/lunus/c/include -o /Users/mewall/mewall/packages/lunus/c/bin/buttim /Users/mewall/mewall/packages/lunus/c/src/buttim.c -lmw -lm
cc -g3 -L/Users/mewall/mewall/packages/lunus/c/lib -O2 -I/Users/mewall/mewall/packages/lunus/c/include -o /Users/mewall/mewall/packages/lunus/c/bin/constim /Users/mewall/mewall/packages/lunus/c/src/constim.c -lmw -lm
cc -g3 -L/Users/mewall/mewall/packages/lunus/c/lib -O2 -I/Users/mewall/mewall/packages/lunus/c/include -o /Users/mewall/mewall/packages/lunus/c/bin/constlt /Users/mewall/mewall/packages/lunus/c/src/constlt.c -lmw -lm
cc -g3 -L/Users/mewall/mewall/packages/lunus/c/lib -O2 -I/Users/mewall/mewall/packages/lunus/c/include -o /Users/mewall/mewall/packages/lunus/c/bin/constrf /Users/mewall/mewall/packages/lunus/c/src/constrf.c -lmw -lm
cc -g3 -L/Users/mewall/mewall/packages/lunus/c/lib -O2 -I/Users/mewall/mewall/packages/lunus/c/include -o /Users/mewall/mewall/packages/lunus/c/bin/culllt /Users/mewall/mewall/packages/lunus/c/src/culllt.c -lmw -lm
cc -g3 -L/Users/mewall/mewall/packages/lunus/c/lib -O2 -I/Users/mewall/mewall/packages/lunus/c/include -o /Users/mewall/mewall/packages/lunus/c/bin/cutim /Users/mewall/mewall/packages/lunus/c/src/cutim.c -lmw -lm
cc -g3 -L/Users/mewall/mewall/packages/lunus/c/lib -O2 -I/Users/mewall/mewall/packages/lunus/c/include -o /Users/mewall/mewall/packages/lunus/c/bin/df2im /Users/mewall/mewall/packages/lunus/c/src/df2im.c -lmw -lm
cc -g3 -L/Users/mewall/mewall/packages/lunus/c/lib -O2 -I/Users/mewall/mewall/packages/lunus/c/include -o /Users/mewall/mewall/packages/lunus/c/bin/dfrflt /Users/mewall/mewall/packages/lunus/c/src/dfrflt.c -lmw -lm
cc -g3 -L/Users/mewall/mewall/packages/lunus/c/lib -O2 -I/Users/mewall/mewall/packages/lunus/c/include -o /Users/mewall/mewall/packages/lunus/c/bin/dfsqrlt /Users/mewall/mewall/packages/lunus/c/src/dfsqrlt.c -lmw -lm
cc -g3 -L/Users/mewall/mewall/packages/lunus/c/lib -O2 -I/Users/mewall/mewall/packages/lunus/c/include -o /Users/mewall/mewall/packages/lunus/c/bin/divlt /Users/mewall/mewall/packages/lunus/c/src/divlt.c -lmw -lm
cc -g3 -L/Users/mewall/mewall/packages/lunus/c/lib -O2 -I/Users/mewall/mewall/packages/lunus/c/include -o /Users/mewall/mewall/packages/lunus/c/bin/divrf /Users/mewall/mewall/packages/lunus/c/src/divrf.c -lmw -lm
cc -g3 -L/Users/mewall/mewall/packages/lunus/c/lib -O2 -I/Users/mewall/mewall/packages/lunus/c/include -o /Users/mewall/mewall/packages/lunus/c/bin/explt /Users/mewall/mewall/packages/lunus/c/src/explt.c -lmw -lm
cc -g3 -L/Users/mewall/mewall/packages/lunus/c/lib -O2 -I/Users/mewall/mewall/packages/lunus/c/include -o /Users/mewall/mewall/packages/lunus/c/bin/fftim /Users/mewall/mewall/packages/lunus/c/src/fftim.c -lmw -lm
cc -g3 -L/Users/mewall/mewall/packages/lunus/c/lib -O2 -I/Users/mewall/mewall/packages/lunus/c/include -o /Users/mewall/mewall/packages/lunus/c/bin/fftlt /Users/mewall/mewall/packages/lunus/c/src/fftlt.c -lmw -lm
cc -g3 -L/Users/mewall/mewall/packages/lunus/c/lib -O2 -I/Users/mewall/mewall/packages/lunus/c/include -o /Users/mewall/mewall/packages/lunus/c/bin/filter /Users/mewall/mewall/packages/lunus/c/src/filter.c -lmw -lm
cc -g3 -L/Users/mewall/mewall/packages/lunus/c/lib -O2 -I/Users/mewall/mewall/packages/lunus/c/include -o /Users/mewall/mewall/packages/lunus/c/bin/ftfltim /Users/mewall/mewall/packages/lunus/c/src/ftfltim.c -lmw -lm
cc -g3 -L/Users/mewall/mewall/packages/lunus/c/lib -O2 -I/Users/mewall/mewall/packages/lunus/c/include -o /Users/mewall/mewall/packages/lunus/c/bin/gausslt /Users/mewall/mewall/packages/lunus/c/src/gausslt.c -lmw -lm
cc -g3 -L/Users/mewall/mewall/packages/lunus/c/lib -O2 -I/Users/mewall/mewall/packages/lunus/c/include -o /Users/mewall/mewall/packages/lunus/c/bin/gencmd /Users/mewall/mewall/packages/lunus/c/src/gencmd.c -lmw -lm
cc -g3 -L/Users/mewall/mewall/packages/lunus/c/lib -O2 -I/Users/mewall/mewall/packages/lunus/c/include -o /Users/mewall/mewall/packages/lunus/c/bin/genlat /Users/mewall/mewall/packages/lunus/c/src/genlat.c -lmw -lm
cc -g3 -L/Users/mewall/mewall/packages/lunus/c/lib -O2 -I/Users/mewall/mewall/packages/lunus/c/include -o /Users/mewall/mewall/packages/lunus/c/bin/genmap /Users/mewall/mewall/packages/lunus/c/src/genmap.c -lmw -lm
cc -g3 -L/Users/mewall/mewall/packages/lunus/c/lib -O2 -I/Users/mewall/mewall/packages/lunus/c/include -o /Users/mewall/mewall/packages/lunus/c/bin/gmparse /Users/mewall/mewall/packages/lunus/c/src/gmparse.c -lmw -lm
cc -g3 -L/Users/mewall/mewall/packages/lunus/c/lib -O2 -I/Users/mewall/mewall/packages/lunus/c/include -o /Users/mewall/mewall/packages/lunus/c/bin/hdrlt /Users/mewall/mewall/packages/lunus/c/src/hdrlt.c -lmw -lm
cc -g3 -L/Users/mewall/mewall/packages/lunus/c/lib -O2 -I/Users/mewall/mewall/packages/lunus/c/include -o /Users/mewall/mewall/packages/lunus/c/bin/headc /Users/mewall/mewall/packages/lunus/c/src/headc.c -lmw -lm
cc -g3 -L/Users/mewall/mewall/packages/lunus/c/lib -O2 -I/Users/mewall/mewall/packages/lunus/c/include -o /Users/mewall/mewall/packages/lunus/c/bin/histim /Users/mewall/mewall/packages/lunus/c/src/histim.c -lmw -lm
cc -g3 -L/Users/mewall/mewall/packages/lunus/c/lib -O2 -I/Users/mewall/mewall/packages/lunus/c/include -o /Users/mewall/mewall/packages/lunus/c/bin/histlt /Users/mewall/mewall/packages/lunus/c/src/histlt.c -lmw -lm
cc -g3 -L/Users/mewall/mewall/packages/lunus/c/lib -O2 -I/Users/mewall/mewall/packages/lunus/c/include -o /Users/mewall/mewall/packages/lunus/c/bin/intdfim /Users/mewall/mewall/packages/lunus/c/src/intdfim.c -lmw -lm
cc -g3 -L/Users/mewall/mewall/packages/lunus/c/lib -O2 -I/Users/mewall/mewall/packages/lunus/c/include -o /Users/mewall/mewall/packages/lunus/c/bin/intimdf /Users/mewall/mewall/packages/lunus/c/src/intimdf.c -lmw -lm
cc -g3 -L/Users/mewall/mewall/packages/lunus/c/lib -O2 -I/Users/mewall/mewall/packages/lunus/c/include -o /Users/mewall/mewall/packages/lunus/c/bin/map2lat /Users/mewall/mewall/packages/lunus/c/src/map2lat.c -lmw -lm
cc -g3 -L/Users/mewall/mewall/packages/lunus/c/lib -O2 -I/Users/mewall/mewall/packages/lunus/c/include -o /Users/mewall/mewall/packages/lunus/c/bin/mapbound /Users/mewall/mewall/packages/lunus/c/src/mapbound.c -lmw -lm
cc -g3 -L/Users/mewall/mewall/packages/lunus/c/lib -O2 -I/Users/mewall/mewall/packages/lunus/c/include -o /Users/mewall/mewall/packages/lunus/c/bin/maskimg /Users/mewall/mewall/packages/lunus/c/src/maskimg.c -lmw -lm
cc -g3 -L/Users/mewall/mewall/packages/lunus/c/lib -O2 -I/Users/mewall/mewall/packages/lunus/c/include -o /Users/mewall/mewall/packages/lunus/c/bin/medim /Users/mewall/mewall/packages/lunus/c/src/medim.c -lmw -lm
cc -g3 -L/Users/mewall/mewall/packages/lunus/c/lib -O2 -I/Users/mewall/mewall/packages/lunus/c/include -o /Users/mewall/mewall/packages/lunus/c/bin/minr /Users/mewall/mewall/packages/lunus/c/src/minr.c -lmw -lm
cc -g3 -L/Users/mewall/mewall/packages/lunus/c/lib -O2 -I/Users/mewall/mewall/packages/lunus/c/include -o /Users/mewall/mewall/packages/lunus/c/bin/minrim /Users/mewall/mewall/packages/lunus/c/src/minrim.c -lmw -lm
cc -g3 -L/Users/mewall/mewall/packages/lunus/c/lib -O2 -I/Users/mewall/mewall/packages/lunus/c/include -o /Users/mewall/mewall/packages/lunus/c/bin/modeim /Users/mewall/mewall/packages/lunus/c/src/modeim.c -lmw -lm
cc -g3 -L/Users/mewall/mewall/packages/lunus/c/lib -O2 -I/Users/mewall/mewall/packages/lunus/c/include -o /Users/mewall/mewall/packages/lunus/c/bin/mulim /Users/mewall/mewall/packages/lunus/c/src/mulim.c -lmw -lm
cc -g3 -L/Users/mewall/mewall/packages/lunus/c/lib -O2 -I/Users/mewall/mewall/packages/lunus/c/include -o /Users/mewall/mewall/packages/lunus/c/bin/mullt /Users/mewall/mewall/packages/lunus/c/src/mullt.c -lmw -lm
cc -g3 -L/Users/mewall/mewall/packages/lunus/c/lib -O2 -I/Users/mewall/mewall/packages/lunus/c/include -o /Users/mewall/mewall/packages/lunus/c/bin/mulrf /Users/mewall/mewall/packages/lunus/c/src/mulrf.c -lmw -lm
cc -g3 -L/Users/mewall/mewall/packages/lunus/c/lib -O2 -I/Users/mewall/mewall/packages/lunus/c/include -o /Users/mewall/mewall/packages/lunus/c/bin/mulrfim /Users/mewall/mewall/packages/lunus/c/src/mulrfim.c -lmw -lm
cc -g3 -L/Users/mewall/mewall/packages/lunus/c/lib -O2 -I/Users/mewall/mewall/packages/lunus/c/include -o /Users/mewall/mewall/packages/lunus/c/bin/mulsclt /Users/mewall/mewall/packages/lunus/c/src/mulsclt.c -lmw -lm
cc -g3 -L/Users/mewall/mewall/packages/lunus/c/lib -O2 -I/Users/mewall/mewall/packages/lunus/c/include -o /Users/mewall/mewall/packages/lunus/c/bin/nign /Users/mewall/mewall/packages/lunus/c/src/nign.c -lmw -lm
cc -g3 -L/Users/mewall/mewall/packages/lunus/c/lib -O2 -I/Users/mewall/mewall/packages/lunus/c/include -o /Users/mewall/mewall/packages/lunus/c/bin/noiseim /Users/mewall/mewall/packages/lunus/c/src/noiseim.c -lmw -lm
cc -g3 -L/Users/mewall/mewall/packages/lunus/c/lib -O2 -I/Users/mewall/mewall/packages/lunus/c/include -o /Users/mewall/mewall/packages/lunus/c/bin/normim /Users/mewall/mewall/packages/lunus/c/src/normim.c -lmw -lm
cc -g3 -L/Users/mewall/mewall/packages/lunus/c/lib -O2 -I/Users/mewall/mewall/packages/lunus/c/include -o /Users/mewall/mewall/packages/lunus/c/bin/ovldim /Users/mewall/mewall/packages/lunus/c/src/ovldim.c -lmw -lm
cc -g3 -L/Users/mewall/mewall/packages/lunus/c/lib -O2 -I/Users/mewall/mewall/packages/lunus/c/include -o /Users/mewall/mewall/packages/lunus/c/bin/peakim /Users/mewall/mewall/packages/lunus/c/src/peakim.c -lmw -lm
cc -g3 -L/Users/mewall/mewall/packages/lunus/c/lib -O2 -I/Users/mewall/mewall/packages/lunus/c/include -o /Users/mewall/mewall/packages/lunus/c/bin/polarim /Users/mewall/mewall/packages/lunus/c/src/polarim.c -lmw -lm
cc -g3 -L/Users/mewall/mewall/packages/lunus/c/lib -O2 -I/Users/mewall/mewall/packages/lunus/c/include -o /Users/mewall/mewall/packages/lunus/c/bin/punchim /Users/mewall/mewall/packages/lunus/c/src/punchim.c -lmw -lm
cc -g3 -L/Users/mewall/mewall/packages/lunus/c/lib -O2 -I/Users/mewall/mewall/packages/lunus/c/include -o /Users/mewall/mewall/packages/lunus/c/bin/rad2s /Users/mewall/mewall/packages/lunus/c/src/rad2s.c -lmw -lm
cc -g3 -L/Users/mewall/mewall/packages/lunus/c/lib -O2 -I/Users/mewall/mewall/packages/lunus/c/include -o /Users/mewall/mewall/packages/lunus/c/bin/ratioim /Users/mewall/mewall/packages/lunus/c/src/ratioim.c -lmw -lm
cc -g3 -L/Users/mewall/mewall/packages/lunus/c/lib -O2 -I/Users/mewall/mewall/packages/lunus/c/include -o /Users/mewall/mewall/packages/lunus/c/bin/rf2char /Users/mewall/mewall/packages/lunus/c/src/rf2char.c -lmw -lm
cc -g3 -L/Users/mewall/mewall/packages/lunus/c/lib -O2 -I/Users/mewall/mewall/packages/lunus/c/include -o /Users/mewall/mewall/packages/lunus/c/bin/rf2lt /Users/mewall/mewall/packages/lunus/c/src/rf2lt.c -lmw -lm
cc -g3 -L/Users/mewall/mewall/packages/lunus/c/lib -O2 -I/Users/mewall/mewall/packages/lunus/c/include -o /Users/mewall/mewall/packages/lunus/c/bin/rmpkim /Users/mewall/mewall/packages/lunus/c/src/rmpkim.c -lmw -lm
cc -g3 -L/Users/mewall/mewall/packages/lunus/c/lib -O2 -I/Users/mewall/mewall/packages/lunus/c/include -o /Users/mewall/mewall/packages/lunus/c/bin/scaleim /Users/mewall/mewall/packages/lunus/c/src/scaleim.c -lmw -lm
cc -g3 -L/Users/mewall/mewall/packages/lunus/c/lib -O2 -I/Users/mewall/mewall/packages/lunus/c/include -o /Users/mewall/mewall/packages/lunus/c/bin/scalelt /Users/mewall/mewall/packages/lunus/c/src/scalelt.c -lmw -lm
cc -g3 -L/Users/mewall/mewall/packages/lunus/c/lib -O2 -I/Users/mewall/mewall/packages/lunus/c/include -o /Users/mewall/mewall/packages/lunus/c/bin/scalerf /Users/mewall/mewall/packages/lunus/c/src/scalerf.c -lmw -lm
cc -g3 -L/Users/mewall/mewall/packages/lunus/c/lib -O2 -I/Users/mewall/mewall/packages/lunus/c/include -o /Users/mewall/mewall/packages/lunus/c/bin/see /Users/mewall/mewall/packages/lunus/c/src/see.c -lmw -lm
cc -g3 -L/Users/mewall/mewall/packages/lunus/c/lib -O2 -I/Users/mewall/mewall/packages/lunus/c/include -o /Users/mewall/mewall/packages/lunus/c/bin/seecat /Users/mewall/mewall/packages/lunus/c/src/seecat.c -lmw -lm
cc -g3 -L/Users/mewall/mewall/packages/lunus/c/lib -O2 -I/Users/mewall/mewall/packages/lunus/c/include -o /Users/mewall/mewall/packages/lunus/c/bin/seesh /Users/mewall/mewall/packages/lunus/c/src/seesh.c -lmw -lm
cc -g3 -L/Users/mewall/mewall/packages/lunus/c/lib -O2 -I/Users/mewall/mewall/packages/lunus/c/include -o /Users/mewall/mewall/packages/lunus/c/bin/shim4lt /Users/mewall/mewall/packages/lunus/c/src/shim4lt.c -lmw -lm
cc -g3 -L/Users/mewall/mewall/packages/lunus/c/lib -O2 -I/Users/mewall/mewall/packages/lunus/c/include -o /Users/mewall/mewall/packages/lunus/c/bin/shimlt /Users/mewall/mewall/packages/lunus/c/src/shimlt.c -lmw -lm
cc -g3 -L/Users/mewall/mewall/packages/lunus/c/lib -O2 -I/Users/mewall/mewall/packages/lunus/c/include -o /Users/mewall/mewall/packages/lunus/c/bin/smthim /Users/mewall/mewall/packages/lunus/c/src/smthim.c -lmw -lm
cc -g3 -L/Users/mewall/mewall/packages/lunus/c/lib -O2 -I/Users/mewall/mewall/packages/lunus/c/include -o /Users/mewall/mewall/packages/lunus/c/bin/solidlt /Users/mewall/mewall/packages/lunus/c/src/solidlt.c -lmw -lm
cc -g3 -L/Users/mewall/mewall/packages/lunus/c/lib -O2 -I/Users/mewall/mewall/packages/lunus/c/include -o /Users/mewall/mewall/packages/lunus/c/bin/subim /Users/mewall/mewall/packages/lunus/c/src/subim.c -lmw -lm
cc -g3 -L/Users/mewall/mewall/packages/lunus/c/lib -O2 -I/Users/mewall/mewall/packages/lunus/c/include -o /Users/mewall/mewall/packages/lunus/c/bin/sublt /Users/mewall/mewall/packages/lunus/c/src/sublt.c -lmw -lm
cc -g3 -L/Users/mewall/mewall/packages/lunus/c/lib -O2 -I/Users/mewall/mewall/packages/lunus/c/include -o /Users/mewall/mewall/packages/lunus/c/bin/subrf /Users/mewall/mewall/packages/lunus/c/src/subrf.c -lmw -lm
cc -g3 -L/Users/mewall/mewall/packages/lunus/c/lib -O2 -I/Users/mewall/mewall/packages/lunus/c/include -o /Users/mewall/mewall/packages/lunus/c/bin/subrfim /Users/mewall/mewall/packages/lunus/c/src/subrfim.c -lmw -lm
cc -g3 -L/Users/mewall/mewall/packages/lunus/c/lib -O2 -I/Users/mewall/mewall/packages/lunus/c/include -o /Users/mewall/mewall/packages/lunus/c/bin/subrflt /Users/mewall/mewall/packages/lunus/c/src/subrflt.c -lmw -lm
cc -g3 -L/Users/mewall/mewall/packages/lunus/c/lib -O2 -I/Users/mewall/mewall/packages/lunus/c/include -o /Users/mewall/mewall/packages/lunus/c/bin/sumim /Users/mewall/mewall/packages/lunus/c/src/sumim.c -lmw -lm
cc -g3 -L/Users/mewall/mewall/packages/lunus/c/lib -O2 -I/Users/mewall/mewall/packages/lunus/c/include -o /Users/mewall/mewall/packages/lunus/c/bin/sumlt /Users/mewall/mewall/packages/lunus/c/src/sumlt.c -lmw -lm
cc -g3 -L/Users/mewall/mewall/packages/lunus/c/lib -O2 -I/Users/mewall/mewall/packages/lunus/c/include -o /Users/mewall/mewall/packages/lunus/c/bin/sumrf /Users/mewall/mewall/packages/lunus/c/src/sumrf.c -lmw -lm
cc -g3 -L/Users/mewall/mewall/packages/lunus/c/lib -O2 -I/Users/mewall/mewall/packages/lunus/c/include -o /Users/mewall/mewall/packages/lunus/c/bin/swapmw /Users/mewall/mewall/packages/lunus/c/src/swapmw.c -lmw -lm
cc -g3 -L/Users/mewall/mewall/packages/lunus/c/lib -O2 -I/Users/mewall/mewall/packages/lunus/c/include -o /Users/mewall/mewall/packages/lunus/c/bin/symlt /Users/mewall/mewall/packages/lunus/c/src/symlt.c -lmw -lm
cc -g3 -L/Users/mewall/mewall/packages/lunus/c/lib -O2 -I/Users/mewall/mewall/packages/lunus/c/include -o /Users/mewall/mewall/packages/lunus/c/bin/tag_overloads /Users/mewall/mewall/packages/lunus/c/src/tag_overloads.c -lmw -lm
cc -g3 -L/Users/mewall/mewall/packages/lunus/c/lib -O2 -I/Users/mewall/mewall/packages/lunus/c/include -o /Users/mewall/mewall/packages/lunus/c/bin/tagim /Users/mewall/mewall/packages/lunus/c/src/tagim.c -lmw -lm
cc -g3 -L/Users/mewall/mewall/packages/lunus/c/lib -O2 -I/Users/mewall/mewall/packages/lunus/c/include -o /Users/mewall/mewall/packages/lunus/c/bin/taglt /Users/mewall/mewall/packages/lunus/c/src/taglt.c -lmw -lm
cc -g3 -L/Users/mewall/mewall/packages/lunus/c/lib -O2 -I/Users/mewall/mewall/packages/lunus/c/include -o /Users/mewall/mewall/packages/lunus/c/bin/tagneg /Users/mewall/mewall/packages/lunus/c/src/tagneg.c -lmw -lm
cc -g3 -L/Users/mewall/mewall/packages/lunus/c/lib -O2 -I/Users/mewall/mewall/packages/lunus/c/include -o /Users/mewall/mewall/packages/lunus/c/bin/tailc /Users/mewall/mewall/packages/lunus/c/src/tailc.c -lmw -lm
cc -g3 -L/Users/mewall/mewall/packages/lunus/c/lib -O2 -I/Users/mewall/mewall/packages/lunus/c/include -o /Users/mewall/mewall/packages/lunus/c/bin/thrshim /Users/mewall/mewall/packages/lunus/c/src/thrshim.c -lmw -lm
cc -g3 -L/Users/mewall/mewall/packages/lunus/c/lib -O2 -I/Users/mewall/mewall/packages/lunus/c/include -o /Users/mewall/mewall/packages/lunus/c/bin/totiff8 /Users/mewall/mewall/packages/lunus/c/src/totiff8.c -lmw -lm
cc -g3 -L/Users/mewall/mewall/packages/lunus/c/lib -O2 -I/Users/mewall/mewall/packages/lunus/c/include -o /Users/mewall/mewall/packages/lunus/c/bin/tst3d /Users/mewall/mewall/packages/lunus/c/src/tst3d.c -lmw -lm
cc -g3 -L/Users/mewall/mewall/packages/lunus/c/lib -O2 -I/Users/mewall/mewall/packages/lunus/c/include -o /Users/mewall/mewall/packages/lunus/c/bin/waveim /Users/mewall/mewall/packages/lunus/c/src/waveim.c -lmw -lm
cc -g3 -L/Users/mewall/mewall/packages/lunus/c/lib -O2 -I/Users/mewall/mewall/packages/lunus/c/include -o /Users/mewall/mewall/packages/lunus/c/bin/windim /Users/mewall/mewall/packages/lunus/c/src/windim.c -lmw -lm
cc -g3 -L/Users/mewall/mewall/packages/lunus/c/lib -O2 -I/Users/mewall/mewall/packages/lunus/c/include -o /Users/mewall/mewall/packages/lunus/c/bin/writehdr /Users/mewall/mewall/packages/lunus/c/src/writehdr.c -lmw -lm
cc -g3 -L/Users/mewall/mewall/packages/lunus/c/lib -O2 -I/Users/mewall/mewall/packages/lunus/c/include -o /Users/mewall/mewall/packages/lunus/c/bin/xflt /Users/mewall/mewall/packages/lunus/c/src/xflt.c -lmw -lm
cc -g3 -L/Users/mewall/mewall/packages/lunus/c/lib -O2 -I/Users/mewall/mewall/packages/lunus/c/include -o /Users/mewall/mewall/packages/lunus/c/bin/xfmask /Users/mewall/mewall/packages/lunus/c/src/xfmask.c -lmw -lm
cc -g3 -L/Users/mewall/mewall/packages/lunus/c/lib -O2 -I/Users/mewall/mewall/packages/lunus/c/include -o /Users/mewall/mewall/packages/lunus/c/bin/xpl2mw /Users/mewall/mewall/packages/lunus/c/src/xpl2mw.c -lmw -lm
