 X-PLOR: V3.1f user: mewall       on: sgi             at: 15-Jun-95 16:09:51

 Author: Axel T. Brunger
 Copyright: 1988-92 (Yale University), 1987 (Harvard University)

 X-PLOR> remarks  file  generate/generate.inp 
 X-PLOR> remarks  Generate structure file and hydrogens for a protein 
 X-PLOR> 
 X-PLOR> topology 
 RTFRDR>    @TOPPAR:tophcsdx.pro 
 ASSFIL: file /usr/local/xplor/toppar/tophcsdx.pro opened.
 RTFRDR>remarks file TOPPAR/tophcsdx_new.pro  (5/26/92) 
 RTFRDR>REMARKS TOPHCSDx.PRO: Original XPLOR toph19x.pro modified according to 
 RTFRDR>REMARKS R. A. Engh and R. Huber, Acta Cryst, Sect A, 1991) 
 RTFRDR>REMARKS with additional atom types. 
 RTFRDR>REMARKS =============================== 
 RTFRDR>REMARKS Charges and atom order modified for neutral GROUPs. 
 RTFRDR>REMARKS Histidine charges set to Del Bene and Cohen sto-3g calculations. 
 RTFRDR>REMARKS Amide charges set to match the experimental dipole moment. 
 RTFRDR>REMARKS Default for HIStidines is the doubly protonated state 
 RTFRDR> 
 RTFRDR>set echo=false end 
 RTFRDR>set echo=true end 
 RTFRDR> 
 RTFRDR> 
 RTFRDR> 
 RTFRDR> end 
 X-PLOR> parameter 
 PARRDR> @TOPPAR:parhcsdx.pro                             {*Read empirical potential*} 
 ASSFIL: file /usr/local/xplor/toppar/parhcsdx.pro opened.
 PARRDR>REMARK Parameter file including bond and angle parameters 
 PARRDR>REMARK derived from Cambridge Data Base model structures 
 PARRDR>REMARK (R. A. Engh and R. Huber, Acta Cryst. Sect. A., 1991). 
 PARRDR>REMARK Dihedral, improper, and non-bonded parameters taken 
 PARRDR>REMARK from param19x (XPLOR--Axel T. Brunger, Yale University, 
 PARRDR>REMARK BRUNGER@YALEVMS) and assigned to new atom types 
 PARRDR>REMARK where appropriate. 
 PARRDR> 
 PARRDR>set echo=false end 
 PARRDR>                             {*Read empirical potential*} 
 PARRDR> 
 PARRDR> 
 PARRDR> 
 PARRDR>   nbonds                                  {*This statement specifies the  *} 
 NBDSET>      atom cdie shift eps=1.0  e14fac=0.4  {*nonbonded interaction energy  *} 
 NBDSET>      cutnb=7.5 ctonnb=6.0 ctofnb=6.5      {*options.  Note the reduced    *} 
 NBDSET>      nbxmod=5 vswitch                     {*nonbonding cutoff to save some*} 
 NBDSET>   end                                     {*CPU time.   This statement    *} 
 PARRDR>                                           {*overwrites the defaults in    *} 
 PARRDR>                                           {*the parameter file.           *} 
 PARRDR> end 
 X-PLOR> 
 X-PLOR> segment                                                {*Generate protein.*} 
 SEGMENT> 
 SEGMENT>   name="1STN"                              {*This name has to match the   *} 
 SEGMENT>                                            {*four characters in columns 73*} 
 SEGMENT>                                            {*through 76 in the coordinate *} 
 SEGMENT>                                            {*file; in XPLOR this name is  *} 
 SEGMENT>                                            {*referred to as SEGId.        *} 
 SEGMENT>   chain 
 CHAIN>     @TOPPAR:toph19.pep                      {*Read peptide bond file;     *} 
 ASSFIL: file /usr/local/xplor/toppar/toph19.pep opened.
 CHAIN>REMARKS  TOPH19.pep -MACRO for protein sequence 
 CHAIN>SET ECHO=FALSE END 
 CHAIN>                      {*Read peptide bond file;     *} 
 CHAIN>     coordinates @stn.pdb 
 SEGMNT: sequence read from coordinate file
 ASSFIL: file stn.pdb opened.
 COOR>REMARKS   Staph Nuclease PDB 
 COOR>ATOM      1  N   LYS     6      -2.379  39.592  23.913  1.00 38.10      1STN 106 
 MAPIC: Atom numbers being modified
 MAPIC: Atom numbers being modified
 CHAIN>	{*interpret coordinate file to*} 
 CHAIN> 
 CHAIN>   end 
 SEGMENT>  end 
 SEGMNT:   136 residues were inserted into segment "1STN"
 XPLOR: current counts (number in parenthesis is maximum)
 NATOM=       1362(MAXA=       16000)  NBOND=       1383(MAXB=       16000)
 NTHETA=      1994(MAXT=       24000)  NGRP=         138(MAXGRP=     16000)
 NPHI=         828(MAXP=       30000)  NIMPHI=       600(MAXIMP=      8000)  
 NDON=         270(MAXPAD=      4000)  NACC=         199(MAXPAD=      4000)
 NNB=            0(MAXNB=       3000) 
 X-PLOR> 
 X-PLOR> 
 X-PLOR>  coordinates @stn.pdb 
 ASSFIL: file stn.pdb opened.
 COOR>REMARKS   Staph Nuclease PDB 
 COOR>ATOM      1  N   LYS     6      -2.379  39.592  23.913  1.00 38.10      1STN 106 
 COOR>ATOM      2  CA  LYS     6      -2.152  39.291  22.475  1.00 37.75      1STN 107 
 %READC-ERR: still    270 missing coordinates (in selected subset)
 X-PLOR> 
 X-PLOR>  vector do (name="CD1") (name CD and resname ile) 
 SELRPN:      5 atoms have been selected out of   1362
 X-PLOR> 
 X-PLOR>flags exclude vdw elec end                {*Do QUICK hydrogen building w/o*} 
 X-PLOR>                                           {*vdw and elec terms.           *} 
 X-PLOR> 
 X-PLOR> hbuild                                      {*This statement builds       *} 
 HBUILD>    selection=( hydrogen )                   {*missing hydrogens, which are*} 
 SELRPN:    270 atoms have been selected out of   1362
 HBUILD>    phistep=45                               {*needed for the force field. *} 
 HBUILD> end 
 HBUILD: dihedral PHI STePs for spin =   45.0000
 HBUILD: cutoff during water acceptor search =    7.5000
 HBUILD: H   ,    ,     placed for donor 1STN 7    LEU  N   .
 HBUILD: H   ,    ,     placed for donor 1STN 8    HIS  N   .
 HBUILD: HD1 ,    ,     placed for donor 1STN 8    HIS  ND1 .
 HBUILD: HE2 ,    ,     placed for donor 1STN 8    HIS  NE2 .
 HBUILD: H   ,    ,     placed for donor 1STN 9    LYS  N   .
 HBUILD: H   ,    ,     placed for donor 1STN 10   GLU  N   .
 HBUILD: H   ,    ,     placed for donor 1STN 12   ALA  N   .
 HBUILD: H   ,    ,     placed for donor 1STN 13   THR  N   .
 HBUILD: H   ,    ,     placed for donor 1STN 14   LEU  N   .
 HBUILD: H   ,    ,     placed for donor 1STN 15   ILE  N   .
 HBUILD: H   ,    ,     placed for donor 1STN 16   LYS  N   .
 HBUILD: H   ,    ,     placed for donor 1STN 17   ALA  N   .
 HBUILD: H   ,    ,     placed for donor 1STN 18   ILE  N   .
 HBUILD: H   ,    ,     placed for donor 1STN 19   ASP  N   .
 HBUILD: H   ,    ,     placed for donor 1STN 20   GLY  N   .
 HBUILD: H   ,    ,     placed for donor 1STN 21   ASP  N   .
 HBUILD: H   ,    ,     placed for donor 1STN 22   THR  N   .
 HBUILD: H   ,    ,     placed for donor 1STN 23   VAL  N   .
 HBUILD: H   ,    ,     placed for donor 1STN 24   LYS  N   .
 HBUILD: H   ,    ,     placed for donor 1STN 25   LEU  N   .
 HBUILD: H   ,    ,     placed for donor 1STN 26   MET  N   .
 HBUILD: H   ,    ,     placed for donor 1STN 27   TYR  N   .
 HBUILD: H   ,    ,     placed for donor 1STN 28   LYS  N   .
 HBUILD: H   ,    ,     placed for donor 1STN 29   GLY  N   .
 HBUILD: H   ,    ,     placed for donor 1STN 30   GLN  N   .
 HBUILD: H   ,    ,     placed for donor 1STN 32   MET  N   .
 HBUILD: H   ,    ,     placed for donor 1STN 33   THR  N   .
 HBUILD: H   ,    ,     placed for donor 1STN 34   PHE  N   .
 HBUILD: H   ,    ,     placed for donor 1STN 35   ARG  N   .
 HBUILD: HE  ,    ,     placed for donor 1STN 35   ARG  NE  .
 HBUILD: H   ,    ,     placed for donor 1STN 36   LEU  N   .
 HBUILD: H   ,    ,     placed for donor 1STN 37   LEU  N   .
 HBUILD: H   ,    ,     placed for donor 1STN 38   LEU  N   .
 HBUILD: H   ,    ,     placed for donor 1STN 39   VAL  N   .
 HBUILD: H   ,    ,     placed for donor 1STN 40   ASP  N   .
 HBUILD: H   ,    ,     placed for donor 1STN 41   THR  N   .
 HBUILD: H   ,    ,     placed for donor 1STN 43   GLU  N   .
 HBUILD: H   ,    ,     placed for donor 1STN 44   THR  N   .
 HBUILD: H   ,    ,     placed for donor 1STN 45   LYS  N   .
 HBUILD: H   ,    ,     placed for donor 1STN 46   HIS  N   .
 HBUILD: HD1 ,    ,     placed for donor 1STN 46   HIS  ND1 .
 HBUILD: HE2 ,    ,     placed for donor 1STN 46   HIS  NE2 .
 HBUILD: H   ,    ,     placed for donor 1STN 48   LYS  N   .
 HBUILD: H   ,    ,     placed for donor 1STN 49   LYS  N   .
 HBUILD: H   ,    ,     placed for donor 1STN 50   GLY  N   .
 HBUILD: H   ,    ,     placed for donor 1STN 51   VAL  N   .
 HBUILD: H   ,    ,     placed for donor 1STN 52   GLU  N   .
 HBUILD: H   ,    ,     placed for donor 1STN 53   LYS  N   .
 HBUILD: H   ,    ,     placed for donor 1STN 54   TYR  N   .
 HBUILD: H   ,    ,     placed for donor 1STN 55   GLY  N   .
 HBUILD: H   ,    ,     placed for donor 1STN 57   GLU  N   .
 HBUILD: H   ,    ,     placed for donor 1STN 58   ALA  N   .
 HBUILD: H   ,    ,     placed for donor 1STN 59   SER  N   .
 HBUILD: H   ,    ,     placed for donor 1STN 60   ALA  N   .
 HBUILD: H   ,    ,     placed for donor 1STN 61   PHE  N   .
 HBUILD: H   ,    ,     placed for donor 1STN 62   THR  N   .
 HBUILD: H   ,    ,     placed for donor 1STN 63   LYS  N   .
 HBUILD: H   ,    ,     placed for donor 1STN 64   LYS  N   .
 HBUILD: H   ,    ,     placed for donor 1STN 65   MET  N   .
 HBUILD: H   ,    ,     placed for donor 1STN 66   VAL  N   .
 HBUILD: H   ,    ,     placed for donor 1STN 67   GLU  N   .
 HBUILD: H   ,    ,     placed for donor 1STN 68   ASN  N   .
 HBUILD: H   ,    ,     placed for donor 1STN 69   ALA  N   .
 HBUILD: H   ,    ,     placed for donor 1STN 70   LYS  N   .
 HBUILD: H   ,    ,     placed for donor 1STN 71   LYS  N   .
 HBUILD: H   ,    ,     placed for donor 1STN 72   ILE  N   .
 HBUILD: H   ,    ,     placed for donor 1STN 73   GLU  N   .
 HBUILD: H   ,    ,     placed for donor 1STN 74   VAL  N   .
 HBUILD: H   ,    ,     placed for donor 1STN 75   GLU  N   .
 HBUILD: H   ,    ,     placed for donor 1STN 76   PHE  N   .
 HBUILD: H   ,    ,     placed for donor 1STN 77   ASP  N   .
 HBUILD: H   ,    ,     placed for donor 1STN 78   LYS  N   .
 HBUILD: H   ,    ,     placed for donor 1STN 79   GLY  N   .
 HBUILD: H   ,    ,     placed for donor 1STN 80   GLN  N   .
 HBUILD: H   ,    ,     placed for donor 1STN 81   ARG  N   .
 HBUILD: HE  ,    ,     placed for donor 1STN 81   ARG  NE  .
 HBUILD: H   ,    ,     placed for donor 1STN 82   THR  N   .
 HBUILD: H   ,    ,     placed for donor 1STN 83   ASP  N   .
 HBUILD: H   ,    ,     placed for donor 1STN 84   LYS  N   .
 HBUILD: H   ,    ,     placed for donor 1STN 85   TYR  N   .
 HBUILD: H   ,    ,     placed for donor 1STN 86   GLY  N   .
 HBUILD: H   ,    ,     placed for donor 1STN 87   ARG  N   .
 HBUILD: HE  ,    ,     placed for donor 1STN 87   ARG  NE  .
 HBUILD: H   ,    ,     placed for donor 1STN 88   GLY  N   .
 HBUILD: H   ,    ,     placed for donor 1STN 89   LEU  N   .
 HBUILD: H   ,    ,     placed for donor 1STN 90   ALA  N   .
 HBUILD: H   ,    ,     placed for donor 1STN 91   TYR  N   .
 HBUILD: H   ,    ,     placed for donor 1STN 92   ILE  N   .
 HBUILD: H   ,    ,     placed for donor 1STN 93   TYR  N   .
 HBUILD: H   ,    ,     placed for donor 1STN 94   ALA  N   .
 HBUILD: H   ,    ,     placed for donor 1STN 95   ASP  N   .
 HBUILD: H   ,    ,     placed for donor 1STN 96   GLY  N   .
 HBUILD: H   ,    ,     placed for donor 1STN 97   LYS  N   .
 HBUILD: H   ,    ,     placed for donor 1STN 98   MET  N   .
 HBUILD: H   ,    ,     placed for donor 1STN 99   VAL  N   .
 HBUILD: H   ,    ,     placed for donor 1STN 100  ASN  N   .
 HBUILD: H   ,    ,     placed for donor 1STN 101  GLU  N   .
 HBUILD: H   ,    ,     placed for donor 1STN 102  ALA  N   .
 HBUILD: H   ,    ,     placed for donor 1STN 103  LEU  N   .
 HBUILD: H   ,    ,     placed for donor 1STN 104  VAL  N   .
 HBUILD: H   ,    ,     placed for donor 1STN 105  ARG  N   .
 HBUILD: HE  ,    ,     placed for donor 1STN 105  ARG  NE  .
 HBUILD: H   ,    ,     placed for donor 1STN 106  GLN  N   .
 HBUILD: H   ,    ,     placed for donor 1STN 107  GLY  N   .
 HBUILD: H   ,    ,     placed for donor 1STN 108  LEU  N   .
 HBUILD: H   ,    ,     placed for donor 1STN 109  ALA  N   .
 HBUILD: H   ,    ,     placed for donor 1STN 110  LYS  N   .
 HBUILD: H   ,    ,     placed for donor 1STN 111  VAL  N   .
 HBUILD: H   ,    ,     placed for donor 1STN 112  ALA  N   .
 HBUILD: H   ,    ,     placed for donor 1STN 113  TYR  N   .
 HBUILD: H   ,    ,     placed for donor 1STN 114  VAL  N   .
 HBUILD: H   ,    ,     placed for donor 1STN 115  TYR  N   .
 HBUILD: H   ,    ,     placed for donor 1STN 116  LYS  N   .
 HBUILD: H   ,    ,     placed for donor 1STN 118  ASN  N   .
 HBUILD: H   ,    ,     placed for donor 1STN 119  ASN  N   .
 HBUILD: H   ,    ,     placed for donor 1STN 120  THR  N   .
 HBUILD: H   ,    ,     placed for donor 1STN 121  HIS  N   .
 HBUILD: HD1 ,    ,     placed for donor 1STN 121  HIS  ND1 .
 HBUILD: HE2 ,    ,     placed for donor 1STN 121  HIS  NE2 .
 HBUILD: H   ,    ,     placed for donor 1STN 122  GLU  N   .
 HBUILD: H   ,    ,     placed for donor 1STN 123  GLN  N   .
 HBUILD: H   ,    ,     placed for donor 1STN 124  HIS  N   .
 HBUILD: HD1 ,    ,     placed for donor 1STN 124  HIS  ND1 .
 HBUILD: HE2 ,    ,     placed for donor 1STN 124  HIS  NE2 .
 HBUILD: H   ,    ,     placed for donor 1STN 125  LEU  N   .
 HBUILD: H   ,    ,     placed for donor 1STN 126  ARG  N   .
 HBUILD: HE  ,    ,     placed for donor 1STN 126  ARG  NE  .
 HBUILD: H   ,    ,     placed for donor 1STN 127  LYS  N   .
 HBUILD: H   ,    ,     placed for donor 1STN 128  SER  N   .
 HBUILD: H   ,    ,     placed for donor 1STN 129  GLU  N   .
 HBUILD: H   ,    ,     placed for donor 1STN 130  ALA  N   .
 HBUILD: H   ,    ,     placed for donor 1STN 131  GLN  N   .
 HBUILD: H   ,    ,     placed for donor 1STN 132  ALA  N   .
 HBUILD: H   ,    ,     placed for donor 1STN 133  LYS  N   .
 HBUILD: H   ,    ,     placed for donor 1STN 134  LYS  N   .
 HBUILD: H   ,    ,     placed for donor 1STN 135  GLU  N   .
 HBUILD: H   ,    ,     placed for donor 1STN 136  LYS  N   .
 HBUILD: H   ,    ,     placed for donor 1STN 137  LEU  N   .
 HBUILD: H   ,    ,     placed for donor 1STN 138  ASN  N   .
 HBUILD: H   ,    ,     placed for donor 1STN 139  ILE  N   .
 HBUILD: H   ,    ,     placed for donor 1STN 140  TRP  N   .
 HBUILD: HE1 ,    ,     placed for donor 1STN 140  TRP  NE1 .
 HBUILD: H   ,    ,     placed for donor 1STN 141  SER  N   .
 HBUILD: HZ1 ,HZ2 ,HZ3 , constructed (spin) for donor 1STN 6    LYS  NZ  .
 HBUILD: HT1 ,HT2 ,HT3 , constructed (spin) for donor 1STN 6    LYS  N   .
 HBUILD: HZ1 ,HZ2 ,HZ3 , constructed (spin) for donor 1STN 9    LYS  NZ  .
 HBUILD: HG1 ,    ,    , constructed (spin) for donor 1STN 13   THR  OG1 .
 HBUILD: HZ1 ,HZ2 ,HZ3 , constructed (spin) for donor 1STN 16   LYS  NZ  .
 HBUILD: HG1 ,    ,    , constructed (spin) for donor 1STN 22   THR  OG1 .
 HBUILD: HZ1 ,HZ2 ,HZ3 , constructed (spin) for donor 1STN 24   LYS  NZ  .
 HBUILD: HH  ,    ,    , constructed (spin) for donor 1STN 27   TYR  OH  .
 HBUILD: HZ1 ,HZ2 ,HZ3 , constructed (spin) for donor 1STN 28   LYS  NZ  .
 HBUILD: HE21,HE22,    , constructed (spin) for donor 1STN 30   GLN  NE2 .
 HBUILD: HG1 ,    ,    , constructed (spin) for donor 1STN 33   THR  OG1 .
 HBUILD: HH11,HH12,    , constructed (spin) for donor 1STN 35   ARG  NH1 .
 HBUILD: HH21,HH22,    , constructed (spin) for donor 1STN 35   ARG  NH2 .
 HBUILD: HG1 ,    ,    , constructed (spin) for donor 1STN 41   THR  OG1 .
 HBUILD: HG1 ,    ,    , constructed (spin) for donor 1STN 44   THR  OG1 .
 HBUILD: HZ1 ,HZ2 ,HZ3 , constructed (spin) for donor 1STN 45   LYS  NZ  .
 HBUILD: HZ1 ,HZ2 ,HZ3 , constructed (spin) for donor 1STN 48   LYS  NZ  .
 HBUILD: HZ1 ,HZ2 ,HZ3 , constructed (spin) for donor 1STN 49   LYS  NZ  .
 HBUILD: HZ1 ,HZ2 ,HZ3 , constructed (spin) for donor 1STN 53   LYS  NZ  .
 HBUILD: HH  ,    ,    , constructed (spin) for donor 1STN 54   TYR  OH  .
 HBUILD: HG  ,    ,    , constructed (spin) for donor 1STN 59   SER  OG  .
 HBUILD: HG1 ,    ,    , constructed (spin) for donor 1STN 62   THR  OG1 .
 HBUILD: HZ1 ,HZ2 ,HZ3 , constructed (spin) for donor 1STN 63   LYS  NZ  .
 HBUILD: HZ1 ,HZ2 ,HZ3 , constructed (spin) for donor 1STN 64   LYS  NZ  .
 HBUILD: HD21,HD22,    , constructed (spin) for donor 1STN 68   ASN  ND2 .
 HBUILD: HZ1 ,HZ2 ,HZ3 , constructed (spin) for donor 1STN 70   LYS  NZ  .
 HBUILD: HZ1 ,HZ2 ,HZ3 , constructed (spin) for donor 1STN 71   LYS  NZ  .
 HBUILD: HZ1 ,HZ2 ,HZ3 , constructed (spin) for donor 1STN 78   LYS  NZ  .
 HBUILD: HE21,HE22,    , constructed (spin) for donor 1STN 80   GLN  NE2 .
 HBUILD: HH11,HH12,    , constructed (spin) for donor 1STN 81   ARG  NH1 .
 HBUILD: HH21,HH22,    , constructed (spin) for donor 1STN 81   ARG  NH2 .
 HBUILD: HG1 ,    ,    , constructed (spin) for donor 1STN 82   THR  OG1 .
 HBUILD: HZ1 ,HZ2 ,HZ3 , constructed (spin) for donor 1STN 84   LYS  NZ  .
 HBUILD: HH  ,    ,    , constructed (spin) for donor 1STN 85   TYR  OH  .
 HBUILD: HH11,HH12,    , constructed (spin) for donor 1STN 87   ARG  NH1 .
 HBUILD: HH21,HH22,    , constructed (spin) for donor 1STN 87   ARG  NH2 .
 HBUILD: HH  ,    ,    , constructed (spin) for donor 1STN 91   TYR  OH  .
 HBUILD: HH  ,    ,    , constructed (spin) for donor 1STN 93   TYR  OH  .
 HBUILD: HZ1 ,HZ2 ,HZ3 , constructed (spin) for donor 1STN 97   LYS  NZ  .
 HBUILD: HD21,HD22,    , constructed (spin) for donor 1STN 100  ASN  ND2 .
 HBUILD: HH11,HH12,    , constructed (spin) for donor 1STN 105  ARG  NH1 .
 HBUILD: HH21,HH22,    , constructed (spin) for donor 1STN 105  ARG  NH2 .
 HBUILD: HE21,HE22,    , constructed (spin) for donor 1STN 106  GLN  NE2 .
 HBUILD: HZ1 ,HZ2 ,HZ3 , constructed (spin) for donor 1STN 110  LYS  NZ  .
 HBUILD: HH  ,    ,    , constructed (spin) for donor 1STN 113  TYR  OH  .
 HBUILD: HH  ,    ,    , constructed (spin) for donor 1STN 115  TYR  OH  .
 HBUILD: HZ1 ,HZ2 ,HZ3 , constructed (spin) for donor 1STN 116  LYS  NZ  .
 HBUILD: HD21,HD22,    , constructed (spin) for donor 1STN 118  ASN  ND2 .
 HBUILD: HD21,HD22,    , constructed (spin) for donor 1STN 119  ASN  ND2 .
 HBUILD: HG1 ,    ,    , constructed (spin) for donor 1STN 120  THR  OG1 .
 HBUILD: HE21,HE22,    , constructed (spin) for donor 1STN 123  GLN  NE2 .
 HBUILD: HH11,HH12,    , constructed (spin) for donor 1STN 126  ARG  NH1 .
 HBUILD: HH21,HH22,    , constructed (spin) for donor 1STN 126  ARG  NH2 .
 HBUILD: HZ1 ,HZ2 ,HZ3 , constructed (spin) for donor 1STN 127  LYS  NZ  .
 HBUILD: HG  ,    ,    , constructed (spin) for donor 1STN 128  SER  OG  .
 HBUILD: HE21,HE22,    , constructed (spin) for donor 1STN 131  GLN  NE2 .
 HBUILD: HZ1 ,HZ2 ,HZ3 , constructed (spin) for donor 1STN 133  LYS  NZ  .
 HBUILD: HZ1 ,HZ2 ,HZ3 , constructed (spin) for donor 1STN 134  LYS  NZ  .
 HBUILD: HZ1 ,HZ2 ,HZ3 , constructed (spin) for donor 1STN 136  LYS  NZ  .
 HBUILD: HD21,HD22,    , constructed (spin) for donor 1STN 138  ASN  ND2 .
 HBUILD: HG  ,    ,    , constructed (spin) for donor 1STN 141  SER  OG  .
 X-PLOR> write coordinates output=generate.pdb end         {*Write out coordinates.*} 
 ASSFIL: file generate.pdb opened.
 X-PLOR> 
 X-PLOR> write structure output=generate.psf end      {*Write out structure file.*} 
 ASSFIL: file generate.psf opened.
 X-PLOR> stop 
 CSTACK: size=    40000 used=     1512 current=        0
 HEAP:   maximum use=    38904 current use=        0
 X-PLOR: total CPU time=      4.4000 s
 X-PLOR: entry time at 16:09:51 15-Jun-95
 X-PLOR: exit time at 16:09:56 15-Jun-95
