 X-PLOR: V3.1f user: mewall       on: sgi             at: 04-Sep-95 13:10:47

 Author: Axel T. Brunger
 Copyright: 1988-92 (Yale University), 1987 (Harvard University)

 X-PLOR>remarks this is rigid-body refinement against xray term(R-factor) 
 X-PLOR> 
 X-PLOR>{===>} parameter @TOPPAR:param19x.pro end    { read parameters } 
 ASSFIL: file /usr/local/xplor/toppar/param19x.pro opened.
 PARRDR>remark - parameter file PARAM19 - 
 PARRDR>remark PEPTIDE GEOMETRY FROM RAMACHANDRAN ET AL BBA 359:298 (1974) 
 PARRDR>remark TORSIONS FROM HAGLER ET AL JACS 98:4600 (1976) 
 PARRDR>remark JORGENSEN NONBOND PARAMETERS JACS 103:3976-3985 WITH 1-4 RC=1.80/0.1 
 PARRDR> 
 PARRDR>set echo=false end 
 PARRDR> end    { read parameters } 
 X-PLOR> 
 X-PLOR>{===>} structure @generate.psf  end                  { read structure file } 
 ASSFIL: file generate.psf opened.
 STRUcture>PSF 
 REMARKS FILENAME="generate.psf"
 REMARKS   Staph Nuclease PDB
 REMARKS DATE:15-Jun-95  16:09:56       created by user: mewall
 XPLOR: current counts (number in parenthesis is maximum)
 NATOM=       1362(MAXA=       16000)  NBOND=       1383(MAXB=       16000)
 NTHETA=      1994(MAXT=       24000)  NGRP=         138(MAXGRP=     16000)
 NPHI=         828(MAXP=       30000)  NIMPHI=       600(MAXIMP=      8000)  
 NDON=         270(MAXPAD=      4000)  NACC=         199(MAXPAD=      4000)
 NNB=            0(MAXNB=       3000) 
 STRUcture>  end                  { read structure file } 
 X-PLOR> 
 X-PLOR> 
 X-PLOR>{===>} coor @rigid.pdb 
 ASSFIL: file rigid.pdb opened.
 COOR>REMARK FILENAME="rigid.pdb" 
 COOR>REMARK   Staph Nuclease PDB 
 COOR>REMARK DATE:27-Jun-95  14:18:50       created by user: mewall 
 COOR>ATOM      1  CB  LYS     6      -1.685  40.640  21.865  1.00 48.28      1STN 
 COOR>ATOM      2  CG  LYS     6      -2.429  41.874  22.384  1.00 60.69      1STN 
 X-PLOR>evaluate ($wa=10000.)    { this is the weight for the XREF energy term        } 
 EVALUATE: symbol $WA set to    10000.0     (real)
 X-PLOR>                         { in this case it is arbitrary since we're not       } 
 X-PLOR>                         { combining it with other energy term                } 
 X-PLOR> 
 X-PLOR>flags 
 FLAGS>   exclude * include xref 
 FLAGS>   ? 
 EFLAGS: the following energy flags are set
 EFLAGS: XREF
 FLAGS>end 
 X-PLOR> 
 X-PLOR>vector do (name="CD1") (name CD and resname ile) 
 SELRPN:      0 atoms have been selected out of   1362
 X-PLOR> 
 X-PLOR>xrefine 
 XREFINE> 
 XREFINE>{===>}                                                { unit cell for crystal } 
 XREFINE>   a= 48.5, b= 48.5, c= 63.4, alpha= 90.00, beta= 90.00, gamma= 90.00 
 XREFINE> 
 XREFINE>{===>} 
 XREFINE>   SYMMetry=(X,Y,Z) 
 XREFINE>   SYMMetry=(-X,-Y,Z+1/2) 
 XREFINE>   SYMMetry=(-Y,X,Z+1/4) 
 XREFINE>   SYMMetry=(Y,-X,Z+3/4) 
 XREFINE> 
 XREFINE>   SCATter ( chemical C* ) 
 SELRPN:    697 atoms have been selected out of   1362
 a1=      2.31000 20.8439 1.02000 10.2075 1.58860 .568700 .865000 51.6512 .215600 
 XREFINE>   SCATter ( chemical N* ) 
 SELRPN:    192 atoms have been selected out of   1362
 a1=      12.2126 .005700 3.13220 9.89330 2.01250 28.9975 1.16630 .582600 -11.529 
 XREFINE>   SCATter ( chemical O* ) 
 SELRPN:    199 atoms have been selected out of   1362
 a1=      3.04850 13.2771 2.28680 5.70110 1.54630 .323900 .867000 32.9089 .250800 
 XREFINE>   SCATter ( chemical S* ) 
 SELRPN:      4 atoms have been selected out of   1362
 a1=      6.90530 1.46790 5.20340 22.2151 1.43790 .253600 1.58630 56.1720 .866900 
 XREFINE>   SCATter ( chemical P* ) 
 SELRPN:      0 atoms have been selected out of   1362
 a1=      6.43450 1.90670 4.17910 27.1570 1.78000 0.52600 1.49080 68.1645 1.11490 
 XREFINE>   SCATter ( chemical FE* ) 
 SELRPN:      0 atoms have been selected out of   1362
 a1=      11.1764 4.61470 7.38630 0.30050 3.39480 11.6729 0.07240 38.5566 0.97070 
 XREFINE> 
 XREFINE>{===>} 
 XREFINE>   nreflections=20000 
 XREFIN: allocating space for   20000 reflections.
 XREFINE>   reflection @sncselect.cv end   { read reflections} 
 ASSFIL: file sncselect.cv opened.
 REFLection> INDE    -4   -3  -28 FOBS=    90.123 PHAS=     0.000 SIGMA=    29.599 
 XRRR2:     6496 new reflections have been added.
 XREFINE> 
 XREFINE>{===>} 
 XREFINE>   resolution  5.0 2.2                         { resolution range  } 
 XREFINE> 
 XREFINE>   reduce 
 XREFIN: selected reflections will be sorted by index.
 XRTEST: number of selected reflections    6193
 XREDU2:        0 reflections have been deleted.
 XREFINE>   do amplitude ( fobs = fobs * heavy(fobs - 2.0*sigma))       { sigma cutoff } 
 XRTEST: number of selected reflections    6193
 XREFINE>   fwind=0.1=100000 
 XREFINE> 
 XREFINE>   method=fft 
 XREFINE>   fft 
 XFFT>       memory=1000000                      { fft method with memory statement } 
 XFFT>   end 
 XREFINE> 
 XREFINE>   wa=$wa 
 XREFINE> 
 XREFINE>   tolerance=0.0 lookup=false                 { this makes the minimizer happy } 
 XREFINE> 
 XREFINE>end 
 X-PLOR> 
 X-PLOR>!minimize rigid 
 X-PLOR>!    nstep=20 
 X-PLOR>!    drop=10.0 
 X-PLOR> 
 X-PLOR>!end 
 X-PLOR>vector do (B=0) (all) 
 SELRPN:   1362 atoms have been selected out of   1362
 X-PLOR>xrefin 
 XREFINE>   update 
 XREFIN: selected reflections will be sorted by index.
 XRTEST: number of selected reflections    5943
 XRFILL: #scatt.= 1092 #anomalous=  0 #special pos.=  0 occupancies=1
 XFFT: using grid [ 72, 72, 90] and sublattice [ 72( 73), 72( 73), 90]
 XREFINE>   print rfactor 
 XRTEST: number of selected reflections    5943
 PRRFAC: ->[TEST SET (TEST=1)] optimum Fobs/Fcalc scale =   0.279
 { ==========  ->[TEST SET (TEST=1)] ============= }
 {{  (* resol.-range  #reflections    R-value  Accum.*)
   {      3.76,  5.00,       44,       0.4069,  0.4069  }, 
   {      3.24,  3.76,       79,       0.4193,  0.4146  }, 
   {      2.92,  3.24,       97,       0.4206,  0.4168  }, 
   {      2.70,  2.92,       74,       0.3185,  0.3967  }, 
   {      2.53,  2.70,       93,       0.4088,  0.3988  }, 
   {      2.40,  2.53,       95,       0.3790,  0.3962  }, 
   {      2.29,  2.40,       88,       0.5236,  0.4090  }, 
   {      2.20,  2.29,       87,       0.5057,  0.4182  }},
 
  {  (* Fobs-ampl-range     #reflections     R-value  Accum.*)
   {     8.972,    37.209,        125,        1.0674,  1.0674  }, 
   {    37.209,    65.446,        218,        0.4685,  0.6007  }, 
   {    65.446,    93.684,        127,        0.3045,  0.4789  }, 
   {    93.684,   121.921,         80,        0.3278,  0.4401  }, 
   {   121.921,   150.158,         49,        0.3424,  0.4236  }, 
   {   150.158,   178.395,         42,        0.3990,  0.4200  }, 
   {   178.395,   206.633,         15,        0.3792,  0.4176  }, 
   {   206.633,   234.870,          1,        0.5370,  0.4182  }}}
 PRRFAC: ->[WORKING SET (TEST=0)] optimum Fobs/Fcalc scale =   0.295
 { ==========  ->[WORKING SET (TEST=0)] ============= }
 {{  (* resol.-range  #reflections    R-value  Accum.*)
   {      3.76,  5.00,      437,       0.4197,  0.4197  }, 
   {      3.24,  3.76,      627,       0.4172,  0.4182  }, 
   {      2.92,  3.24,      702,       0.3853,  0.4068  }, 
   {      2.70,  2.92,      747,       0.3776,  0.4002  }, 
   {      2.53,  2.70,      718,       0.3906,  0.3986  }, 
   {      2.40,  2.53,      694,       0.4277,  0.4021  }, 
   {      2.29,  2.40,      694,       0.4625,  0.4081  }, 
   {      2.20,  2.29,      667,       0.5345,  0.4183  }},
 
  {  (* Fobs-ampl-range     #reflections     R-value  Accum.*)
   {     6.701,    45.635,       1439,        0.8569,  0.8569  }, 
   {    45.635,    84.570,       1904,        0.3848,  0.5112  }, 
   {    84.570,   123.504,       1074,        0.3305,  0.4393  }, 
   {   123.504,   162.438,        509,        0.3503,  0.4209  }, 
   {   162.438,   201.373,        262,        0.3970,  0.4181  }, 
   {   201.373,   240.307,         84,        0.4365,  0.4189  }, 
   {   240.307,   279.242,         13,        0.3506,  0.4183  }, 
   {   279.242,   318.176,          1,        0.4275,  0.4183  }}}
 XREFINE>   do complex (FCALC=FCALC+FPART)         {* Add FPART to FCALC explicitly *} 
 XRTEST: number of selected reflections    5943
 XREFINE>   do complex (FPART=0)                   {* to allow proper scaling.      *} 
 XRTEST: number of selected reflections    5943
 XREFINE> 
 XREFINE>   do scale ( FCALC = FOBS )                    {*FCALCS is scaled to FOBS.*} 
 XRTEST: number of selected reflections    5943
XRMANI: scale applied to left hand side =   0.293
 XREFINE>!   do amplitude ( fcalc = 0.520*fcalc ) 
 XREFINE>   write reflection fcalc output=snc.calc.nobfac.rigid.xpl end 
 ASSFIL: file snc.calc.nobfac.rigid.xpl opened.
 XRTEST: number of selected reflections    5943
 XREFINE> 
 XREFINE>end 
 X-PLOR> 
 X-PLOR>!write coor output=rigid.pdb   end     { write combined coordinates of both molec. } 
 X-PLOR>stop 
 CSTACK: size=    40000 used=      138 current=        0
 HEAP:   maximum use=  2480766 current use=        0
 X-PLOR: total CPU time=     16.0600 s
 X-PLOR: entry time at 13:10:47 04-Sep-95
 X-PLOR: exit time at 13:11:04 04-Sep-95
