 X-PLOR: V3.1f user: mewall       on: sgi             at: 27-Jun-95 14:09:18

 Author: Axel T. Brunger
 Copyright: 1988-92 (Yale University), 1987 (Harvard University)

 X-PLOR>remarks this is rigid-body refinement against xray term(R-factor) 
 X-PLOR> 
 X-PLOR>{===>} parameter @TOPPAR:param19x.pro end    { read parameters } 
 ASSFIL: file /usr/local/xplor/toppar/param19x.pro opened.
 PARRDR>remark - parameter file PARAM19 - 
 PARRDR>remark PEPTIDE GEOMETRY FROM RAMACHANDRAN ET AL BBA 359:298 (1974) 
 PARRDR>remark TORSIONS FROM HAGLER ET AL JACS 98:4600 (1976) 
 PARRDR>remark JORGENSEN NONBOND PARAMETERS JACS 103:3976-3985 WITH 1-4 RC=1.80/0.1 
 PARRDR> 
 PARRDR>set echo=false end 
 PARRDR> end    { read parameters } 
 X-PLOR> 
 X-PLOR>{===>} structure @generate.psf  end                  { read structure file } 
 ASSFIL: file generate.psf opened.
 STRUcture>PSF 
 REMARKS FILENAME="generate.psf"
 REMARKS   Staph Nuclease PDB
 REMARKS DATE:15-Jun-95  16:09:56       created by user: mewall
 XPLOR: current counts (number in parenthesis is maximum)
 NATOM=       1362(MAXA=       16000)  NBOND=       1383(MAXB=       16000)
 NTHETA=      1994(MAXT=       24000)  NGRP=         138(MAXGRP=     16000)
 NPHI=         828(MAXP=       30000)  NIMPHI=       600(MAXIMP=      8000)  
 NDON=         270(MAXPAD=      4000)  NACC=         199(MAXPAD=      4000)
 NNB=            0(MAXNB=       3000) 
 STRUcture>  end                  { read structure file } 
 X-PLOR> 
 X-PLOR> 
 X-PLOR>{===>} coor @generate.pdb 
 ASSFIL: file generate.pdb opened.
 COOR>REMARK FILENAME="generate.pdb" 
 COOR>REMARK   Staph Nuclease PDB 
 COOR>REMARK DATE:15-Jun-95  16:09:55       created by user: mewall 
 COOR>ATOM      1  CB  LYS     6      -2.055  40.534  21.593  1.00 48.28      1STN 
 COOR>ATOM      2  CG  LYS     6      -2.826  41.761  22.088  1.00 60.69      1STN 
 X-PLOR>evaluate ($wa=10000.)    { this is the weight for the XREF energy term        } 
 EVALUATE: symbol $WA set to    10000.0     (real)
 X-PLOR>                         { in this case it is arbitrary since we're not       } 
 X-PLOR>                         { combining it with other energy term                } 
 X-PLOR> 
 X-PLOR>flags 
 FLAGS>   exclude * include xref 
 FLAGS>   ? 
 EFLAGS: the following energy flags are set
 EFLAGS: XREF
 FLAGS>end 
 X-PLOR> 
 X-PLOR>vector do (name="CD1") (name CD and resname ile) 
 SELRPN:      0 atoms have been selected out of   1362
 X-PLOR> 
 X-PLOR>xrefine 
 XREFINE> 
 XREFINE>{===>}                                                { unit cell for crystal } 
 XREFINE>   a= 48.5, b= 48.5, c= 63.4, alpha= 90.00, beta= 90.00, gamma= 90.00 
 XREFINE> 
 XREFINE>{===>} 
 XREFINE>   SYMMetry=(X,Y,Z) 
 XREFINE>   SYMMetry=(-X,-Y,Z+1/2) 
 XREFINE>   SYMMetry=(-Y,X,Z+1/4) 
 XREFINE>   SYMMetry=(Y,-X,Z+3/4) 
 XREFINE> 
 XREFINE>   SCATter ( chemical C* ) 
 SELRPN:    697 atoms have been selected out of   1362
 a1=      2.31000 20.8439 1.02000 10.2075 1.58860 .568700 .865000 51.6512 .215600 
 XREFINE>   SCATter ( chemical N* ) 
 SELRPN:    192 atoms have been selected out of   1362
 a1=      12.2126 .005700 3.13220 9.89330 2.01250 28.9975 1.16630 .582600 -11.529 
 XREFINE>   SCATter ( chemical O* ) 
 SELRPN:    199 atoms have been selected out of   1362
 a1=      3.04850 13.2771 2.28680 5.70110 1.54630 .323900 .867000 32.9089 .250800 
 XREFINE>   SCATter ( chemical S* ) 
 SELRPN:      4 atoms have been selected out of   1362
 a1=      6.90530 1.46790 5.20340 22.2151 1.43790 .253600 1.58630 56.1720 .866900 
 XREFINE>   SCATter ( chemical P* ) 
 SELRPN:      0 atoms have been selected out of   1362
 a1=      6.43450 1.90670 4.17910 27.1570 1.78000 0.52600 1.49080 68.1645 1.11490 
 XREFINE>   SCATter ( chemical FE* ) 
 SELRPN:      0 atoms have been selected out of   1362
 a1=      11.1764 4.61470 7.38630 0.30050 3.39480 11.6729 0.07240 38.5566 0.97070 
 XREFINE> 
 XREFINE>{===>} 
 XREFINE>   nreflections=20000 
 XREFIN: allocating space for   20000 reflections.
 XREFINE>   reflection @sncselect.cv end   { read reflections} 
 ASSFIL: file sncselect.cv opened.
 REFLection> INDE    -4   -3  -28 FOBS=    90.123 PHAS=     0.000 SIGMA=    29.599 
 XRRR2:     6496 new reflections have been added.
 XREFINE> 
 XREFINE>{===>} 
 XREFINE>   resolution  5.0 2.2                         { resolution range  } 
 XREFINE> 
 XREFINE>   reduce 
 XREFIN: selected reflections will be sorted by index.
 XRTEST: number of selected reflections    6193
 XREDU2:        0 reflections have been deleted.
 XREFINE>   do amplitude ( fobs = fobs * heavy(fobs - 2.0*sigma))       { sigma cutoff } 
 XRTEST: number of selected reflections    6193
 XREFINE>   fwind=0.1=100000 
 XREFINE> 
 XREFINE>   method=fft 
 XREFINE>   fft 
 XFFT>       memory=1000000                      { fft method with memory statement } 
 XFFT>   end 
 XREFINE> 
 XREFINE>   wa=$wa 
 XREFINE> 
 XREFINE>   tolerance=0.0 lookup=false                 { this makes the minimizer happy } 
 XREFINE> 
 XREFINE>end 
 X-PLOR> 
 X-PLOR>minimize rigid 
 RIGID>    nstep=40 
 RIGID>    drop=10.0 
 RIGID> 
 RIGID>end 
 XREFIN: selected reflections will be sorted by index.
 XRTEST: number of selected reflections    5943
 XRFILL: #scatt.= 1092 #anomalous=  0 #special pos.=  0 occupancies=1
 XFFT: using grid [ 72, 72, 90] and sublattice [ 72( 73), 72( 73), 90]
 TRRESI: ->[TEST SET (TEST=1)] Fobs/Fcalc scale=   0.506 R=       0.371
 TRRESI: ->[WORKING SET (TEST=0)] Fobs/Fcalc scale=   0.516 R=       0.368

 --------------- cycle=     1 --------------------------------------------------
 | group=    1 rot/tran=(    0.00    0.00    0.00    0.00    0.00    0.00)     |
 | Etotal =1725.862   grad(E)=3.230      E(XREF)=1725.862                      |
 -------------------------------------------------------------------------------
 XRTEST: number of selected reflections    5943
 XRFILL: #scatt.= 1092 #anomalous=  0 #special pos.=  0 occupancies=1
 XFFT: using grid [ 72, 72, 90] and sublattice [ 72( 73), 72( 73), 90]
 TRRESI: ->[TEST SET (TEST=1)] Fobs/Fcalc scale=   0.506 R=       0.370
 TRRESI: ->[WORKING SET (TEST=0)] Fobs/Fcalc scale=   0.516 R=       0.366

 --------------- cycle=     2 --------------------------------------------------
 | group=    1 rot/tran=(    0.01    0.01    0.00   -0.01    0.01    0.00)     |
 | Etotal =1716.669   grad(E)=3.219      E(XREF)=1716.669                      |
 -------------------------------------------------------------------------------
 XRTEST: number of selected reflections    5943
 XRFILL: #scatt.= 1092 #anomalous=  0 #special pos.=  0 occupancies=1
 XFFT: using grid [ 72, 72, 90] and sublattice [ 72( 73), 72( 73), 90]
 TRRESI: ->[TEST SET (TEST=1)] Fobs/Fcalc scale=   0.506 R=       0.368
 TRRESI: ->[WORKING SET (TEST=0)] Fobs/Fcalc scale=   0.517 R=       0.364

 --------------- cycle=     3 --------------------------------------------------
 | group=    1 rot/tran=(    0.05    0.07   -0.02   -0.04    0.09    0.00)     |
 | Etotal =1694.394   grad(E)=3.189      E(XREF)=1694.394                      |
 -------------------------------------------------------------------------------
 XRTEST: number of selected reflections    5943
 XRFILL: #scatt.= 1092 #anomalous=  0 #special pos.=  0 occupancies=1
 XFFT: using grid [ 72, 72, 90] and sublattice [ 72( 73), 72( 73), 90]
 TRRESI: ->[TEST SET (TEST=1)] Fobs/Fcalc scale=   0.509 R=       0.361
 TRRESI: ->[WORKING SET (TEST=0)] Fobs/Fcalc scale=   0.519 R=       0.357

 --------------- cycle=     4 --------------------------------------------------
 | group=    1 rot/tran=(    0.15    0.20   -0.07   -0.03    0.09    0.00)     |
 | Etotal =1632.660   grad(E)=3.145      E(XREF)=1632.660                      |
 -------------------------------------------------------------------------------
 XRTEST: number of selected reflections    5943
 XRFILL: #scatt.= 1092 #anomalous=  0 #special pos.=  0 occupancies=1
 XFFT: using grid [ 72, 72, 90] and sublattice [ 72( 73), 72( 73), 90]
 TRRESI: ->[TEST SET (TEST=1)] Fobs/Fcalc scale=   0.516 R=       0.335
 TRRESI: ->[WORKING SET (TEST=0)] Fobs/Fcalc scale=   0.527 R=       0.338

 --------------- cycle=     5 --------------------------------------------------
 | group=    1 rot/tran=(    0.96    1.25   -0.45    0.04    0.14    0.00)     |
 | Etotal =1467.663   grad(E)=3.053      E(XREF)=1467.663                      |
 -------------------------------------------------------------------------------
 XRTEST: number of selected reflections    5943
 XRFILL: #scatt.= 1092 #anomalous=  0 #special pos.=  0 occupancies=1
 XFFT: using grid [ 72, 72, 90] and sublattice [ 72( 73), 72( 73), 90]
 TRRESI: ->[TEST SET (TEST=1)] Fobs/Fcalc scale=   0.518 R=       0.332
 TRRESI: ->[WORKING SET (TEST=0)] Fobs/Fcalc scale=   0.527 R=       0.336

 --------------- cycle=     6 --------------------------------------------------
 | group=    1 rot/tran=(    0.79    1.03   -0.37    0.02    0.13    0.00)     |
 | Etotal =1454.980   grad(E)=2.999      E(XREF)=1454.980                      |
 -------------------------------------------------------------------------------
 XRTEST: number of selected reflections    5943
 XRFILL: #scatt.= 1092 #anomalous=  0 #special pos.=  0 occupancies=1
 XFFT: using grid [ 72, 72, 90] and sublattice [ 72( 73), 72( 73), 90]
 TRRESI: ->[TEST SET (TEST=1)] Fobs/Fcalc scale=   0.467 R=       0.430
 TRRESI: ->[WORKING SET (TEST=0)] Fobs/Fcalc scale=   0.486 R=       0.443

 --------------- cycle=     7 --------------------------------------------------
 | group=    1 rot/tran=(    1.38    1.82   -0.66   -0.36   -0.35    0.00)     |
 | Etotal =2501.122   grad(E)=3.660      E(XREF)=2501.122                      |
 -------------------------------------------------------------------------------
 XRTEST: number of selected reflections    5943
 XRFILL: #scatt.= 1092 #anomalous=  0 #special pos.=  0 occupancies=1
 XFFT: using grid [ 72, 72, 90] and sublattice [ 72( 73), 72( 73), 90]
 TRRESI: ->[TEST SET (TEST=1)] Fobs/Fcalc scale=   0.517 R=       0.329
 TRRESI: ->[WORKING SET (TEST=0)] Fobs/Fcalc scale=   0.528 R=       0.333

 --------------- cycle=     8 --------------------------------------------------
 | group=    1 rot/tran=(    0.86    1.13   -0.40   -0.02    0.07    0.00)     |
 | Etotal =1428.561   grad(E)=2.996      E(XREF)=1428.561                      |
 -------------------------------------------------------------------------------
 XRTEST: number of selected reflections    5943
 XRFILL: #scatt.= 1092 #anomalous=  0 #special pos.=  0 occupancies=1
 XFFT: using grid [ 72, 72, 90] and sublattice [ 72( 73), 72( 73), 90]
 TRRESI: ->[TEST SET (TEST=1)] Fobs/Fcalc scale=   0.517 R=       0.329
 TRRESI: ->[WORKING SET (TEST=0)] Fobs/Fcalc scale=   0.528 R=       0.333

 --------------- cycle=     9 --------------------------------------------------
 | group=    1 rot/tran=(    0.85    1.12   -0.40   -0.03    0.08    0.00)     |
 | Etotal =1428.346   grad(E)=2.987      E(XREF)=1428.346                      |
 -------------------------------------------------------------------------------
 XRTEST: number of selected reflections    5943
 XRFILL: #scatt.= 1092 #anomalous=  0 #special pos.=  0 occupancies=1
 XFFT: using grid [ 72, 72, 90] and sublattice [ 72( 73), 72( 73), 90]
 TRRESI: ->[TEST SET (TEST=1)] Fobs/Fcalc scale=   0.517 R=       0.331
 TRRESI: ->[WORKING SET (TEST=0)] Fobs/Fcalc scale=   0.527 R=       0.334

 --------------- cycle=    10 --------------------------------------------------
 | group=    1 rot/tran=(    0.81    1.06   -0.40   -0.07    0.10    0.00)     |
 | Etotal =1443.984   grad(E)=3.012      E(XREF)=1443.984                      |
 -------------------------------------------------------------------------------
 XRTEST: number of selected reflections    5943
 XRFILL: #scatt.= 1092 #anomalous=  0 #special pos.=  0 occupancies=1
 XFFT: using grid [ 72, 72, 90] and sublattice [ 72( 73), 72( 73), 90]
 TRRESI: ->[TEST SET (TEST=1)] Fobs/Fcalc scale=   0.517 R=       0.329
 TRRESI: ->[WORKING SET (TEST=0)] Fobs/Fcalc scale=   0.528 R=       0.333

 --------------- cycle=    11 --------------------------------------------------
 | group=    1 rot/tran=(    0.85    1.12   -0.40   -0.03    0.08    0.00)     |
 | Etotal =1428.317   grad(E)=2.986      E(XREF)=1428.317                      |
 -------------------------------------------------------------------------------
 XRTEST: number of selected reflections    5943
 XRFILL: #scatt.= 1092 #anomalous=  0 #special pos.=  0 occupancies=1
 XFFT: using grid [ 72, 72, 90] and sublattice [ 72( 73), 72( 73), 90]
 TRRESI: ->[TEST SET (TEST=1)] Fobs/Fcalc scale=   0.517 R=       0.329
 TRRESI: ->[WORKING SET (TEST=0)] Fobs/Fcalc scale=   0.528 R=       0.333

 --------------- cycle=    12 --------------------------------------------------
 | group=    1 rot/tran=(    0.85    1.11   -0.40   -0.03    0.07    0.00)     |
 | Etotal =1428.100   grad(E)=2.986      E(XREF)=1428.100                      |
 -------------------------------------------------------------------------------
 XRTEST: number of selected reflections    5943
 XRFILL: #scatt.= 1092 #anomalous=  0 #special pos.=  0 occupancies=1
 XFFT: using grid [ 72, 72, 90] and sublattice [ 72( 73), 72( 73), 90]
 TRRESI: ->[TEST SET (TEST=1)] Fobs/Fcalc scale=   0.517 R=       0.329
 TRRESI: ->[WORKING SET (TEST=0)] Fobs/Fcalc scale=   0.528 R=       0.333

 --------------- cycle=    13 --------------------------------------------------
 | group=    1 rot/tran=(    0.85    1.11   -0.40   -0.03    0.07    0.00)     |
 | Etotal =1428.097   grad(E)=2.986      E(XREF)=1428.097                      |
 -------------------------------------------------------------------------------
 XRTEST: number of selected reflections    5943
 XRFILL: #scatt.= 1092 #anomalous=  0 #special pos.=  0 occupancies=1
 XFFT: using grid [ 72, 72, 90] and sublattice [ 72( 73), 72( 73), 90]
 TRRESI: ->[TEST SET (TEST=1)] Fobs/Fcalc scale=   0.517 R=       0.329
 TRRESI: ->[WORKING SET (TEST=0)] Fobs/Fcalc scale=   0.528 R=       0.333

 --------------- cycle=    14 --------------------------------------------------
 | group=    1 rot/tran=(    0.84    1.10   -0.41   -0.03    0.07    0.00)     |
 | Etotal =1427.899   grad(E)=2.985      E(XREF)=1427.899                      |
 -------------------------------------------------------------------------------
 XRTEST: number of selected reflections    5943
 XRFILL: #scatt.= 1092 #anomalous=  0 #special pos.=  0 occupancies=1
 XFFT: using grid [ 72, 72, 90] and sublattice [ 72( 73), 72( 73), 90]
 TRRESI: ->[TEST SET (TEST=1)] Fobs/Fcalc scale=   0.518 R=       0.330
 TRRESI: ->[WORKING SET (TEST=0)] Fobs/Fcalc scale=   0.528 R=       0.333

 --------------- cycle=    15 --------------------------------------------------
 | group=    1 rot/tran=(    0.81    1.06   -0.43   -0.03    0.07    0.00)     |
 | Etotal =1427.608   grad(E)=2.981      E(XREF)=1427.608                      |
 -------------------------------------------------------------------------------
 XRTEST: number of selected reflections    5943
 XRFILL: #scatt.= 1092 #anomalous=  0 #special pos.=  0 occupancies=1
 XFFT: using grid [ 72, 72, 90] and sublattice [ 72( 73), 72( 73), 90]
 TRRESI: ->[TEST SET (TEST=1)] Fobs/Fcalc scale=   0.517 R=       0.330
 TRRESI: ->[WORKING SET (TEST=0)] Fobs/Fcalc scale=   0.528 R=       0.333

 --------------- cycle=    16 --------------------------------------------------
 | group=    1 rot/tran=(    0.82    1.07   -0.42   -0.03    0.07    0.00)     |
 | Etotal =1427.595   grad(E)=2.982      E(XREF)=1427.595                      |
 -------------------------------------------------------------------------------
 XRTEST: number of selected reflections    5943
 XRFILL: #scatt.= 1092 #anomalous=  0 #special pos.=  0 occupancies=1
 XFFT: using grid [ 72, 72, 90] and sublattice [ 72( 73), 72( 73), 90]
 TRRESI: ->[TEST SET (TEST=1)] Fobs/Fcalc scale=   0.518 R=       0.329
 TRRESI: ->[WORKING SET (TEST=0)] Fobs/Fcalc scale=   0.528 R=       0.333

 --------------- cycle=    17 --------------------------------------------------
 | group=    1 rot/tran=(    0.82    1.08   -0.43   -0.01    0.08    0.00)     |
 | Etotal =1428.660   grad(E)=2.969      E(XREF)=1428.660                      |
 -------------------------------------------------------------------------------
 XRTEST: number of selected reflections    5943
 XRFILL: #scatt.= 1092 #anomalous=  0 #special pos.=  0 occupancies=1
 XFFT: using grid [ 72, 72, 90] and sublattice [ 72( 73), 72( 73), 90]
 TRRESI: ->[TEST SET (TEST=1)] Fobs/Fcalc scale=   0.518 R=       0.330
 TRRESI: ->[WORKING SET (TEST=0)] Fobs/Fcalc scale=   0.528 R=       0.333

 --------------- cycle=    18 --------------------------------------------------
 | group=    1 rot/tran=(    0.82    1.07   -0.42   -0.03    0.07    0.00)     |
 | Etotal =1427.518   grad(E)=2.983      E(XREF)=1427.518                      |
 -------------------------------------------------------------------------------
 XRTEST: number of selected reflections    5943
 XRFILL: #scatt.= 1092 #anomalous=  0 #special pos.=  0 occupancies=1
 XFFT: using grid [ 72, 72, 90] and sublattice [ 72( 73), 72( 73), 90]
 TRRESI: ->[TEST SET (TEST=1)] Fobs/Fcalc scale=   0.518 R=       0.330
 TRRESI: ->[WORKING SET (TEST=0)] Fobs/Fcalc scale=   0.528 R=       0.333

 --------------- cycle=    19 --------------------------------------------------
 | group=    1 rot/tran=(    0.82    1.07   -0.43   -0.03    0.07    0.00)     |
 | Etotal =1427.500   grad(E)=2.983      E(XREF)=1427.500                      |
 -------------------------------------------------------------------------------
 XRTEST: number of selected reflections    5943
 XRFILL: #scatt.= 1092 #anomalous=  0 #special pos.=  0 occupancies=1
 XFFT: using grid [ 72, 72, 90] and sublattice [ 72( 73), 72( 73), 90]
 TRRESI: ->[TEST SET (TEST=1)] Fobs/Fcalc scale=   0.518 R=       0.330
 TRRESI: ->[WORKING SET (TEST=0)] Fobs/Fcalc scale=   0.528 R=       0.333

 --------------- cycle=    20 --------------------------------------------------
 | group=    1 rot/tran=(    0.82    1.07   -0.43   -0.03    0.07    0.00)     |
 | Etotal =1427.498   grad(E)=2.983      E(XREF)=1427.498                      |
 -------------------------------------------------------------------------------
 XRTEST: number of selected reflections    5943
 XRFILL: #scatt.= 1092 #anomalous=  0 #special pos.=  0 occupancies=1
 XFFT: using grid [ 72, 72, 90] and sublattice [ 72( 73), 72( 73), 90]
 TRRESI: ->[TEST SET (TEST=1)] Fobs/Fcalc scale=   0.518 R=       0.329
 TRRESI: ->[WORKING SET (TEST=0)] Fobs/Fcalc scale=   0.528 R=       0.333

 --------------- cycle=    21 --------------------------------------------------
 | group=    1 rot/tran=(    0.82    1.08   -0.44   -0.03    0.07    0.00)     |
 | Etotal =1427.382   grad(E)=2.983      E(XREF)=1427.382                      |
 -------------------------------------------------------------------------------
 XRTEST: number of selected reflections    5943
 XRFILL: #scatt.= 1092 #anomalous=  0 #special pos.=  0 occupancies=1
 XFFT: using grid [ 72, 72, 90] and sublattice [ 72( 73), 72( 73), 90]
 TRRESI: ->[TEST SET (TEST=1)] Fobs/Fcalc scale=   0.518 R=       0.329
 TRRESI: ->[WORKING SET (TEST=0)] Fobs/Fcalc scale=   0.528 R=       0.333

 --------------- cycle=    22 --------------------------------------------------
 | group=    1 rot/tran=(    0.82    1.09   -0.45   -0.03    0.07    0.01)     |
 | Etotal =1427.343   grad(E)=2.983      E(XREF)=1427.343                      |
 -------------------------------------------------------------------------------
 XRTEST: number of selected reflections    5943
 XRFILL: #scatt.= 1092 #anomalous=  0 #special pos.=  0 occupancies=1
 XFFT: using grid [ 72, 72, 90] and sublattice [ 72( 73), 72( 73), 90]
 TRRESI: ->[TEST SET (TEST=1)] Fobs/Fcalc scale=   0.517 R=       0.330
 TRRESI: ->[WORKING SET (TEST=0)] Fobs/Fcalc scale=   0.528 R=       0.333

 --------------- cycle=    23 --------------------------------------------------
 | group=    1 rot/tran=(    0.82    1.10   -0.47   -0.03    0.05    0.01)     |
 | Etotal =1429.138   grad(E)=2.988      E(XREF)=1429.138                      |
 -------------------------------------------------------------------------------
 XRTEST: number of selected reflections    5943
 XRFILL: #scatt.= 1092 #anomalous=  0 #special pos.=  0 occupancies=1
 XFFT: using grid [ 72, 72, 90] and sublattice [ 72( 73), 72( 73), 90]
 TRRESI: ->[TEST SET (TEST=1)] Fobs/Fcalc scale=   0.518 R=       0.329
 TRRESI: ->[WORKING SET (TEST=0)] Fobs/Fcalc scale=   0.528 R=       0.333

 --------------- cycle=    24 --------------------------------------------------
 | group=    1 rot/tran=(    0.82    1.09   -0.45   -0.03    0.07    0.01)     |
 | Etotal =1427.331   grad(E)=2.983      E(XREF)=1427.331                      |
 -------------------------------------------------------------------------------
 XRTEST: number of selected reflections    5943
 XRFILL: #scatt.= 1092 #anomalous=  0 #special pos.=  0 occupancies=1
 XFFT: using grid [ 72, 72, 90] and sublattice [ 72( 73), 72( 73), 90]
 TRRESI: ->[TEST SET (TEST=1)] Fobs/Fcalc scale=   0.518 R=       0.329
 TRRESI: ->[WORKING SET (TEST=0)] Fobs/Fcalc scale=   0.528 R=       0.333

 --------------- cycle=    25 --------------------------------------------------
 | group=    1 rot/tran=(    0.82    1.09   -0.45   -0.03    0.07    0.01)     |
 | Etotal =1427.332   grad(E)=2.983      E(XREF)=1427.332                      |
 -------------------------------------------------------------------------------
 XRTEST: number of selected reflections    5943
 XRFILL: #scatt.= 1092 #anomalous=  0 #special pos.=  0 occupancies=1
 XFFT: using grid [ 72, 72, 90] and sublattice [ 72( 73), 72( 73), 90]
 TRRESI: ->[TEST SET (TEST=1)] Fobs/Fcalc scale=   0.518 R=       0.329
 TRRESI: ->[WORKING SET (TEST=0)] Fobs/Fcalc scale=   0.528 R=       0.333

 --------------- cycle=    26 --------------------------------------------------
 | group=    1 rot/tran=(    0.82    1.09   -0.45   -0.03    0.07    0.01)     |
 | Etotal =1427.332   grad(E)=2.983      E(XREF)=1427.332                      |
 -------------------------------------------------------------------------------
 XRTEST: number of selected reflections    5943
 XRFILL: #scatt.= 1092 #anomalous=  0 #special pos.=  0 occupancies=1
 XFFT: using grid [ 72, 72, 90] and sublattice [ 72( 73), 72( 73), 90]
 TRRESI: ->[TEST SET (TEST=1)] Fobs/Fcalc scale=   0.518 R=       0.329
 TRRESI: ->[WORKING SET (TEST=0)] Fobs/Fcalc scale=   0.528 R=       0.333

 --------------- cycle=    27 --------------------------------------------------
 | group=    1 rot/tran=(    0.82    1.09   -0.45   -0.03    0.07    0.01)     |
 | Etotal =1427.331   grad(E)=2.983      E(XREF)=1427.331                      |
 -------------------------------------------------------------------------------
 XRTEST: number of selected reflections    5943
 XRFILL: #scatt.= 1092 #anomalous=  0 #special pos.=  0 occupancies=1
 XFFT: using grid [ 72, 72, 90] and sublattice [ 72( 73), 72( 73), 90]
 TRRESI: ->[TEST SET (TEST=1)] Fobs/Fcalc scale=   0.518 R=       0.329
 TRRESI: ->[WORKING SET (TEST=0)] Fobs/Fcalc scale=   0.528 R=       0.333

 --------------- cycle=    28 --------------------------------------------------
 | group=    1 rot/tran=(    0.82    1.09   -0.45   -0.03    0.07    0.01)     |
 | Etotal =1427.332   grad(E)=2.983      E(XREF)=1427.332                      |
 -------------------------------------------------------------------------------
 XRTEST: number of selected reflections    5943
 XRFILL: #scatt.= 1092 #anomalous=  0 #special pos.=  0 occupancies=1
 XFFT: using grid [ 72, 72, 90] and sublattice [ 72( 73), 72( 73), 90]
 TRRESI: ->[TEST SET (TEST=1)] Fobs/Fcalc scale=   0.518 R=       0.329
 TRRESI: ->[WORKING SET (TEST=0)] Fobs/Fcalc scale=   0.528 R=       0.333

 --------------- cycle=    29 --------------------------------------------------
 | group=    1 rot/tran=(    0.82    1.09   -0.45   -0.03    0.07    0.01)     |
 | Etotal =1427.331   grad(E)=2.983      E(XREF)=1427.331                      |
 -------------------------------------------------------------------------------
 XRTEST: number of selected reflections    5943
 XRFILL: #scatt.= 1092 #anomalous=  0 #special pos.=  0 occupancies=1
 XFFT: using grid [ 72, 72, 90] and sublattice [ 72( 73), 72( 73), 90]
 TRRESI: ->[TEST SET (TEST=1)] Fobs/Fcalc scale=   0.518 R=       0.329
 TRRESI: ->[WORKING SET (TEST=0)] Fobs/Fcalc scale=   0.528 R=       0.333

 --------------- cycle=    30 --------------------------------------------------
 | group=    1 rot/tran=(    0.82    1.09   -0.45   -0.03    0.07    0.01)     |
 | Etotal =1427.331   grad(E)=2.983      E(XREF)=1427.331                      |
 -------------------------------------------------------------------------------
 XRTEST: number of selected reflections    5943
 XRFILL: #scatt.= 1092 #anomalous=  0 #special pos.=  0 occupancies=1
 XFFT: using grid [ 72, 72, 90] and sublattice [ 72( 73), 72( 73), 90]
 TRRESI: ->[TEST SET (TEST=1)] Fobs/Fcalc scale=   0.518 R=       0.329
 TRRESI: ->[WORKING SET (TEST=0)] Fobs/Fcalc scale=   0.528 R=       0.333

 --------------- cycle=    31 --------------------------------------------------
 | group=    1 rot/tran=(    0.82    1.09   -0.45   -0.03    0.07    0.01)     |
 | Etotal =1427.331   grad(E)=2.983      E(XREF)=1427.331                      |
 -------------------------------------------------------------------------------
 XRTEST: number of selected reflections    5943
 XRFILL: #scatt.= 1092 #anomalous=  0 #special pos.=  0 occupancies=1
 XFFT: using grid [ 72, 72, 90] and sublattice [ 72( 73), 72( 73), 90]
 TRRESI: ->[TEST SET (TEST=1)] Fobs/Fcalc scale=   0.518 R=       0.329
 TRRESI: ->[WORKING SET (TEST=0)] Fobs/Fcalc scale=   0.528 R=       0.333

 --------------- cycle=    32 --------------------------------------------------
 | group=    1 rot/tran=(    0.82    1.09   -0.45   -0.03    0.07    0.01)     |
 | Etotal =1427.331   grad(E)=2.983      E(XREF)=1427.331                      |
 -------------------------------------------------------------------------------
 XRTEST: number of selected reflections    5943
 XRFILL: #scatt.= 1092 #anomalous=  0 #special pos.=  0 occupancies=1
 XFFT: using grid [ 72, 72, 90] and sublattice [ 72( 73), 72( 73), 90]
 TRRESI: ->[TEST SET (TEST=1)] Fobs/Fcalc scale=   0.518 R=       0.329
 TRRESI: ->[WORKING SET (TEST=0)] Fobs/Fcalc scale=   0.528 R=       0.333

 --------------- cycle=    33 --------------------------------------------------
 | group=    1 rot/tran=(    0.82    1.09   -0.45   -0.03    0.07    0.01)     |
 | Etotal =1427.331   grad(E)=2.983      E(XREF)=1427.331                      |
 -------------------------------------------------------------------------------
 XRTEST: number of selected reflections    5943
 XRFILL: #scatt.= 1092 #anomalous=  0 #special pos.=  0 occupancies=1
 XFFT: using grid [ 72, 72, 90] and sublattice [ 72( 73), 72( 73), 90]
 TRRESI: ->[TEST SET (TEST=1)] Fobs/Fcalc scale=   0.518 R=       0.329
 TRRESI: ->[WORKING SET (TEST=0)] Fobs/Fcalc scale=   0.528 R=       0.333

 --------------- cycle=    34 --------------------------------------------------
 | group=    1 rot/tran=(    0.82    1.09   -0.45   -0.03    0.07    0.01)     |
 | Etotal =1427.331   grad(E)=2.983      E(XREF)=1427.331                      |
 -------------------------------------------------------------------------------
 XRTEST: number of selected reflections    5943
 XRFILL: #scatt.= 1092 #anomalous=  0 #special pos.=  0 occupancies=1
 XFFT: using grid [ 72, 72, 90] and sublattice [ 72( 73), 72( 73), 90]
 TRRESI: ->[TEST SET (TEST=1)] Fobs/Fcalc scale=   0.518 R=       0.329
 TRRESI: ->[WORKING SET (TEST=0)] Fobs/Fcalc scale=   0.528 R=       0.333

 --------------- cycle=    35 --------------------------------------------------
 | group=    1 rot/tran=(    0.82    1.09   -0.45   -0.03    0.07    0.01)     |
 | Etotal =1427.331   grad(E)=2.983      E(XREF)=1427.331                      |
 -------------------------------------------------------------------------------
 XRTEST: number of selected reflections    5943
 XRFILL: #scatt.= 1092 #anomalous=  0 #special pos.=  0 occupancies=1
 XFFT: using grid [ 72, 72, 90] and sublattice [ 72( 73), 72( 73), 90]
 TRRESI: ->[TEST SET (TEST=1)] Fobs/Fcalc scale=   0.518 R=       0.329
 TRRESI: ->[WORKING SET (TEST=0)] Fobs/Fcalc scale=   0.528 R=       0.333

 --------------- cycle=    36 --------------------------------------------------
 | group=    1 rot/tran=(    0.82    1.09   -0.45   -0.03    0.07    0.01)     |
 | Etotal =1427.331   grad(E)=2.983      E(XREF)=1427.331                      |
 -------------------------------------------------------------------------------
 XRTEST: number of selected reflections    5943
 XRFILL: #scatt.= 1092 #anomalous=  0 #special pos.=  0 occupancies=1
 XFFT: using grid [ 72, 72, 90] and sublattice [ 72( 73), 72( 73), 90]
 TRRESI: ->[TEST SET (TEST=1)] Fobs/Fcalc scale=   0.518 R=       0.329
 TRRESI: ->[WORKING SET (TEST=0)] Fobs/Fcalc scale=   0.528 R=       0.333

 --------------- cycle=    37 --------------------------------------------------
 | group=    1 rot/tran=(    0.82    1.09   -0.45   -0.03    0.07    0.01)     |
 | Etotal =1427.331   grad(E)=2.983      E(XREF)=1427.331                      |
 -------------------------------------------------------------------------------
 XRTEST: number of selected reflections    5943
 XRFILL: #scatt.= 1092 #anomalous=  0 #special pos.=  0 occupancies=1
 XFFT: using grid [ 72, 72, 90] and sublattice [ 72( 73), 72( 73), 90]
 TRRESI: ->[TEST SET (TEST=1)] Fobs/Fcalc scale=   0.518 R=       0.329
 TRRESI: ->[WORKING SET (TEST=0)] Fobs/Fcalc scale=   0.528 R=       0.333

 --------------- cycle=    38 --------------------------------------------------
 | group=    1 rot/tran=(    0.82    1.09   -0.45   -0.03    0.07    0.01)     |
 | Etotal =1427.331   grad(E)=2.983      E(XREF)=1427.331                      |
 -------------------------------------------------------------------------------
 XRTEST: number of selected reflections    5943
 XRFILL: #scatt.= 1092 #anomalous=  0 #special pos.=  0 occupancies=1
 XFFT: using grid [ 72, 72, 90] and sublattice [ 72( 73), 72( 73), 90]
 TRRESI: ->[TEST SET (TEST=1)] Fobs/Fcalc scale=   0.518 R=       0.329
 TRRESI: ->[WORKING SET (TEST=0)] Fobs/Fcalc scale=   0.528 R=       0.333

 --------------- cycle=    39 --------------------------------------------------
 | group=    1 rot/tran=(    0.82    1.09   -0.45   -0.03    0.07    0.01)     |
 | Etotal =1427.331   grad(E)=2.983      E(XREF)=1427.331                      |
 -------------------------------------------------------------------------------
 XRTEST: number of selected reflections    5943
 XRFILL: #scatt.= 1092 #anomalous=  0 #special pos.=  0 occupancies=1
 XFFT: using grid [ 72, 72, 90] and sublattice [ 72( 73), 72( 73), 90]
 TRRESI: ->[TEST SET (TEST=1)] Fobs/Fcalc scale=   0.518 R=       0.329
 TRRESI: ->[WORKING SET (TEST=0)] Fobs/Fcalc scale=   0.528 R=       0.333

 --------------- cycle=    40 --------------------------------------------------
 | group=    1 rot/tran=(    0.82    1.09   -0.45   -0.03    0.07    0.01)     |
 | Etotal =1427.331   grad(E)=2.983      E(XREF)=1427.331                      |
 -------------------------------------------------------------------------------
 ZXCGR: NSTEP limit reached
 XRTEST: number of selected reflections    5943
 XRFILL: #scatt.= 1092 #anomalous=  0 #special pos.=  0 occupancies=1
 XFFT: using grid [ 72, 72, 90] and sublattice [ 72( 73), 72( 73), 90]
 TRRESI: ->[TEST SET (TEST=1)] Fobs/Fcalc scale=   0.518 R=       0.329
 TRRESI: ->[WORKING SET (TEST=0)] Fobs/Fcalc scale=   0.528 R=       0.333

 --------------- cycle=    41 --------------------------------------------------
 | group=    1 rot/tran=(    0.82    1.09   -0.45   -0.03    0.07    0.01)     |
 | Etotal =1427.331   grad(E)=2.983      E(XREF)=1427.331                      |
 -------------------------------------------------------------------------------
 RIGID: main coordinates set to best minimum
 X-PLOR>xrefin 
 XREFINE>   update 
 XRTEST: number of selected reflections    5943
 XRFILL: #scatt.= 1092 #anomalous=  0 #special pos.=  0 occupancies=1
 XFFT: using grid [ 72, 72, 90] and sublattice [ 72( 73), 72( 73), 90]
 XREFINE>   print rfactor 
 XRTEST: number of selected reflections    5943
 PRRFAC: ->[TEST SET (TEST=1)] optimum Fobs/Fcalc scale =   0.518
 { ==========  ->[TEST SET (TEST=1)] ============= }
 {{  (* resol.-range  #reflections    R-value  Accum.*)
   {      3.76,  5.00,       44,       0.3752,  0.3752  }, 
   {      3.24,  3.76,       79,       0.3275,  0.3456  }, 
   {      2.92,  3.24,       97,       0.3415,  0.3441  }, 
   {      2.70,  2.92,       74,       0.2655,  0.3279  }, 
   {      2.53,  2.70,       93,       0.3068,  0.3243  }, 
   {      2.40,  2.53,       95,       0.2939,  0.3204  }, 
   {      2.29,  2.40,       88,       0.3848,  0.3269  }, 
   {      2.20,  2.29,       87,       0.3538,  0.3294  }},
 
  {  (* Fobs-ampl-range     #reflections     R-value  Accum.*)
   {     8.972,    37.209,        125,        0.7552,  0.7552  }, 
   {    37.209,    65.446,        218,        0.3628,  0.4494  }, 
   {    65.446,    93.684,        127,        0.2708,  0.3760  }, 
   {    93.684,   121.921,         80,        0.2805,  0.3514  }, 
   {   121.921,   150.158,         49,        0.2945,  0.3419  }, 
   {   150.158,   178.395,         42,        0.2728,  0.3317  }, 
   {   178.395,   206.633,         15,        0.2920,  0.3293  }, 
   {   206.633,   234.870,          1,        0.3423,  0.3294  }}}
 PRRFAC: ->[WORKING SET (TEST=0)] optimum Fobs/Fcalc scale =   0.528
 { ==========  ->[WORKING SET (TEST=0)] ============= }
 {{  (* resol.-range  #reflections    R-value  Accum.*)
   {      3.76,  5.00,      437,       0.3514,  0.3514  }, 
   {      3.24,  3.76,      627,       0.3340,  0.3415  }, 
   {      2.92,  3.24,      702,       0.3190,  0.3337  }, 
   {      2.70,  2.92,      747,       0.3165,  0.3298  }, 
   {      2.53,  2.70,      718,       0.3291,  0.3297  }, 
   {      2.40,  2.53,      694,       0.3392,  0.3308  }, 
   {      2.29,  2.40,      694,       0.3397,  0.3317  }, 
   {      2.20,  2.29,      667,       0.3449,  0.3328  }},
 
  {  (* Fobs-ampl-range     #reflections     R-value  Accum.*)
   {     6.701,    45.635,       1439,        0.6413,  0.6413  }, 
   {    45.635,    84.570,       1904,        0.3292,  0.4128  }, 
   {    84.570,   123.504,       1074,        0.2812,  0.3604  }, 
   {   123.504,   162.438,        509,        0.2716,  0.3421  }, 
   {   162.438,   201.373,        262,        0.2898,  0.3358  }, 
   {   201.373,   240.307,         84,        0.2791,  0.3333  }, 
   {   240.307,   279.242,         13,        0.2725,  0.3329  }, 
   {   279.242,   318.176,          1,        0.2133,  0.3328  }}}
 XREFINE>end 
 X-PLOR> 
 X-PLOR>write coor output=rigid.pdb   end     { write combined coordinates of both molec. } 
 ASSFIL: file rigid.pdb opened.
 X-PLOR>stop 
 CSTACK: size=    40000 used=      138 current=        0
 HEAP:   maximum use=  2508109 current use=        0
 X-PLOR: total CPU time=    547.2900 s
 X-PLOR: entry time at 14:09:18 27-Jun-95
 X-PLOR: exit time at 14:18:51 27-Jun-95
